#
# There is insufficient memory for the Java Runtime Environment to continue.
# Native memory allocation (malloc) failed to allocate 32784 bytes for Chunk::new
# Possible reasons:
#   The system is out of physical RAM or swap space
#   The process is running with CompressedOops enabled, and the Java Heap may be blocking the growth of the native heap
# Possible solutions:
#   Reduce memory load on the system
#   Increase physical memory or swap space
#   Check if swap backing store is full
#   Decrease Java heap size (-Xmx/-Xms)
#   Decrease number of Java threads
#   Decrease Java thread stack sizes (-Xss)
#   Set larger code cache with -XX:ReservedCodeCacheSize=
#   JVM is running with Unscaled Compressed Oops mode in which the Java heap is
#     placed in the first 4GB address space. The Java Heap base address is the
#     maximum limit for the native heap growth. Please use -XX:HeapBaseMinAddress
#     to set the Java Heap base and to place the Java Heap above 4GB virtual address.
# This output file may be truncated or incomplete.
#
#  Out of Memory Error (./src/hotspot/share/memory/arena.cpp:197), pid=17412, tid=13644
#
# JRE version: OpenJDK Runtime Environment (11.0.12+7) (build 11.0.12+7-b1504.28-7817840)
# Java VM: OpenJDK 64-Bit Server VM (11.0.12+7-b1504.28-7817840, mixed mode, tiered, compressed oops, g1 gc, windows-amd64)
# No core dump will be written. Minidumps are not enabled by default on client versions of Windows
#

---------------  S U M M A R Y ------------

Command Line: --add-opens=java.base/java.util=ALL-UNNAMED --add-opens=java.base/java.lang=ALL-UNNAMED --add-opens=java.base/java.lang.invoke=ALL-UNNAMED --add-opens=java.base/java.util=ALL-UNNAMED --add-opens=java.prefs/java.util.prefs=ALL-UNNAMED --add-opens=java.prefs/java.util.prefs=ALL-UNNAMED --add-opens=java.base/java.nio.charset=ALL-UNNAMED --add-opens=java.base/java.net=ALL-UNNAMED --add-opens=java.base/java.util.concurrent.atomic=ALL-UNNAMED -Xmx2048m -Dfile.encoding=UTF-8 -Duser.country=US -Duser.language=en -Duser.variant org.gradle.launcher.daemon.bootstrap.GradleDaemon 7.3.3

Host: Intel(R) Core(TM) i5-10300H CPU @ 2.50GHz, 8 cores, 7G,  Windows 10 , 64 bit Build 19041 (10.0.19041.2546)
Time: Sat Mar  4 19:22:38 2023 E. Europe Standard Time elapsed time: 21.646137 seconds (0d 0h 0m 21s)

---------------  T H R E A D  ---------------

Current thread (0x000002197bde9800):  JavaThread "C2 CompilerThread0" daemon [_thread_in_native, id=13644, stack(0x000000f232900000,0x000000f232a00000)]


Current CompileTask:
C2:  21646 13396   !   4       com.sun.tools.javac.jvm.ClassReader::classSigToType (498 bytes)

Stack: [0x000000f232900000,0x000000f232a00000]
Native frames: (J=compiled Java code, j=interpreted, Vv=VM code, C=native code)
V  [jvm.dll+0x5fbcea]
V  [jvm.dll+0x731905]
V  [jvm.dll+0x732f1d]
V  [jvm.dll+0x7335d3]
V  [jvm.dll+0x247bf8]
V  [jvm.dll+0xc018c]
V  [jvm.dll+0xc06cc]
V  [jvm.dll+0xc02cc]
V  [jvm.dll+0x6282e0]
V  [jvm.dll+0x4fe97d]
V  [jvm.dll+0x4fe8c1]
V  [jvm.dll+0x501858]
V  [jvm.dll+0x50134b]
V  [jvm.dll+0x500b1f]
V  [jvm.dll+0x500ae6]
V  [jvm.dll+0x500b33]
V  [jvm.dll+0x500b33]
V  [jvm.dll+0x500b33]
V  [jvm.dll+0x500b33]
V  [jvm.dll+0x511906]
V  [jvm.dll+0x201c5a]
V  [jvm.dll+0x1ff71f]
V  [jvm.dll+0x18868c]
V  [jvm.dll+0x20e0d7]
V  [jvm.dll+0x20c901]
V  [jvm.dll+0x6f9b7f]
V  [jvm.dll+0x6f26a5]
V  [jvm.dll+0x5fabf6]
C  [ucrtbase.dll+0x21bb2]
C  [KERNEL32.DLL+0x17614]
C  [ntdll.dll+0x526a1]


---------------  P R O C E S S  ---------------

Threads class SMR info:
_java_thread_list=0x00000219037a7fe0, length=148, elements={
0x000002195f980000, 0x000002197bdc2000, 0x000002197bdcd800, 0x000002197bde2000,
0x000002197bde3000, 0x000002197bde6000, 0x000002197bde9800, 0x000002197bdee800,
0x000002197bdf0000, 0x000002197c8c3800, 0x000002197dc4c800, 0x000002197f3eb000,
0x000002197dd0a800, 0x000002197cb1e800, 0x000002197eb63800, 0x000002197e661000,
0x000002197e783000, 0x000002197e973000, 0x000002197e2c2800, 0x0000021900181800,
0x0000021900180000, 0x0000021900182800, 0x000002190017e800, 0x000002190017d000,
0x0000021900181000, 0x000002190017d800, 0x000002190017f000, 0x0000021900183800,
0x00000219024eb800, 0x00000219024e8000, 0x00000219024ed000, 0x00000219024ea800,
0x00000219024ee000, 0x00000219024ee800, 0x00000219024e9000, 0x00000219024f3000,
0x00000219024f5000, 0x00000219024f1000, 0x00000219024f0800, 0x00000219024f3800,
0x00000219024f2000, 0x00000219024ef800, 0x00000219024f4800, 0x00000219024f6000,
0x000002197df65800, 0x000002197df6c000, 0x000002197df66000, 0x000002197df6c800,
0x000002197df69800, 0x000002197df67800, 0x000002197df67000, 0x000002197df6d800,
0x000002197df6e800, 0x000002197df68800, 0x000002197df6b000, 0x000002197df6f000,
0x000002197df70000, 0x000002197df6a000, 0x000002197df73000, 0x000002197df74000,
0x000002197df70800, 0x000002197df71800, 0x000002197df72800, 0x0000021902759800,
0x000002190275c000, 0x000002190275d000, 0x000002190275e800, 0x000002190275a800,
0x000002190275b800, 0x000002190275d800, 0x0000021902759000, 0x0000021902764800,
0x0000021902763800, 0x0000021902765000, 0x0000021902762800, 0x0000021902762000,
0x000002190275f800, 0x0000021902766000, 0x0000021902761000, 0x0000021902760000,
0x0000021902766800, 0x0000021902767800, 0x000002197eadc800, 0x000002197eade000,
0x000002197eadb800, 0x000002197eadf000, 0x000002197eadd800, 0x000002197eae0000,
0x000002197eada000, 0x000002197eae0800, 0x000002197eadb000, 0x000002197eae2800,
0x000002197eae1800, 0x000002197eae8000, 0x000002197eae4000, 0x000002197eae9000,
0x000002197eae5800, 0x000002197eae6800, 0x000002197eae3000, 0x000002197eae7000,
0x000002197eae4800, 0x0000021902953800, 0x0000021902951000, 0x0000021902951800,
0x0000021902952800, 0x0000021902954000, 0x000002190294f000, 0x000002190294e800,
0x0000021902955000, 0x0000021902955800, 0x0000021902950000, 0x000002190295b800,
0x000002190295a800, 0x000002190295c800, 0x0000021902959000, 0x000002190295a000,
0x0000021902956800, 0x000002190295d000, 0x0000021902957800, 0x0000021902958000,
0x000002197ce0b800, 0x000002197ce0d800, 0x000002197ce0c800, 0x000002197ce0a000,
0x000002197ce07800, 0x000002197ce0e000, 0x000002197ce08800, 0x000002197ce0b000,
0x000002197ce0f000, 0x000002197ce09000, 0x000002197ce13000, 0x000002197ce14800,
0x000002197ce10000, 0x000002197ce10800, 0x000002197ce16800, 0x000002197ce14000,
0x000002197ce15800, 0x000002197ce11800, 0x000002197ce12000, 0x0000021903ab6000,
0x0000021903ab2800, 0x0000021903ab4800, 0x0000021903ab3800, 0x0000021903ab1000,
0x0000021903ab7000, 0x0000021903ab5000, 0x0000021903ab7800, 0x0000021903ab2000
}

Java Threads: ( => current thread )
  0x000002195f980000 JavaThread "main" [_thread_blocked, id=16120, stack(0x000000f231d00000,0x000000f231e00000)]
  0x000002197bdc2000 JavaThread "Reference Handler" daemon [_thread_blocked, id=19572, stack(0x000000f232400000,0x000000f232500000)]
  0x000002197bdcd800 JavaThread "Finalizer" daemon [_thread_blocked, id=19012, stack(0x000000f232500000,0x000000f232600000)]
  0x000002197bde2000 JavaThread "Signal Dispatcher" daemon [_thread_blocked, id=7840, stack(0x000000f232600000,0x000000f232700000)]
  0x000002197bde3000 JavaThread "Attach Listener" daemon [_thread_blocked, id=2096, stack(0x000000f232700000,0x000000f232800000)]
  0x000002197bde6000 JavaThread "Service Thread" daemon [_thread_blocked, id=8616, stack(0x000000f232800000,0x000000f232900000)]
=>0x000002197bde9800 JavaThread "C2 CompilerThread0" daemon [_thread_in_native, id=13644, stack(0x000000f232900000,0x000000f232a00000)]
  0x000002197bdee800 JavaThread "C1 CompilerThread0" daemon [_thread_in_native, id=5856, stack(0x000000f232a00000,0x000000f232b00000)]
  0x000002197bdf0000 JavaThread "Sweeper thread" daemon [_thread_blocked, id=20352, stack(0x000000f232b00000,0x000000f232c00000)]
  0x000002197c8c3800 JavaThread "Common-Cleaner" daemon [_thread_blocked, id=15388, stack(0x000000f232c00000,0x000000f232d00000)]
  0x000002197dc4c800 JavaThread "Daemon health stats" [_thread_blocked, id=5716, stack(0x000000f233200000,0x000000f233300000)]
  0x000002197f3eb000 JavaThread "Incoming local TCP Connector on port 59974" [_thread_in_native, id=13944, stack(0x000000f232e00000,0x000000f232f00000)]
  0x000002197dd0a800 JavaThread "Daemon periodic checks" [_thread_blocked, id=21252, stack(0x000000f233100000,0x000000f233200000)]
  0x000002197cb1e800 JavaThread "Daemon" [_thread_blocked, id=15228, stack(0x000000f233300000,0x000000f233400000)]
  0x000002197eb63800 JavaThread "Handler for socket connection from /127.0.0.1:59974 to /127.0.0.1:59975" [_thread_in_native, id=6620, stack(0x000000f233400000,0x000000f233500000)]
  0x000002197e661000 JavaThread "Cancel handler" [_thread_blocked, id=3500, stack(0x000000f233500000,0x000000f233600000)]
  0x000002197e783000 JavaThread "Daemon worker" [_thread_blocked, id=21000, stack(0x000000f233600000,0x000000f233700000)]
  0x000002197e973000 JavaThread "Asynchronous log dispatcher for DefaultDaemonConnection: socket connection from /127.0.0.1:59974 to /127.0.0.1:59975" [_thread_blocked, id=18108, stack(0x000000f233700000,0x000000f233800000)]
  0x000002197e2c2800 JavaThread "Stdin handler" [_thread_blocked, id=8592, stack(0x000000f233800000,0x000000f233900000)]
  0x0000021900181800 JavaThread "Daemon client event forwarder" [_thread_blocked, id=13904, stack(0x000000f233900000,0x000000f233a00000)]
  0x0000021900180000 JavaThread "Cache worker for journal cache (C:\Users\user\.gradle\caches\journal-1)" [_thread_blocked, id=20984, stack(0x000000f233f00000,0x000000f234000000)]
  0x0000021900182800 JavaThread "File lock request listener" [_thread_in_native, id=2632, stack(0x000000f234000000,0x000000f234100000)]
  0x000002190017e800 JavaThread "Cache worker for file hash cache (C:\Users\user\.gradle\caches\7.3.3\fileHashes)" [_thread_blocked, id=14524, stack(0x000000f234100000,0x000000f234200000)]
  0x000002190017d000 JavaThread "Cache worker for file hash cache (C:\Users\user\Desktop\Kursach\.gradle\7.3.3\fileHashes)" [_thread_blocked, id=21740, stack(0x000000f234400000,0x000000f234500000)]
  0x0000021900181000 JavaThread "File watcher server" daemon [_thread_in_native, id=1552, stack(0x000000f234600000,0x000000f234700000)]
  0x000002190017d800 JavaThread "File watcher consumer" daemon [_thread_blocked, id=3804, stack(0x000000f234700000,0x000000f234800000)]
  0x000002190017f000 JavaThread "Cache worker for checksums cache (C:\Users\user\Desktop\Kursach\.gradle\7.3.3\checksums)" [_thread_blocked, id=17664, stack(0x000000f234800000,0x000000f234900000)]
  0x0000021900183800 JavaThread "Cache worker for cache directory md-supplier (C:\Users\user\.gradle\caches\7.3.3\md-supplier)" [_thread_blocked, id=19188, stack(0x000000f234900000,0x000000f234a00000)]
  0x00000219024eb800 JavaThread "Cache worker for cache directory md-rule (C:\Users\user\.gradle\caches\7.3.3\md-rule)" [_thread_blocked, id=19660, stack(0x000000f234a00000,0x000000f234b00000)]
  0x00000219024e8000 JavaThread "Cache worker for execution history cache (C:\Users\user\.gradle\caches\7.3.3\executionHistory)" [_thread_blocked, id=19832, stack(0x000000f234b00000,0x000000f234c00000)]
  0x00000219024ed000 JavaThread "jar transforms" [_thread_blocked, id=7580, stack(0x000000f234500000,0x000000f234600000)]
  0x00000219024ea800 JavaThread "Cache worker for file content cache (C:\Users\user\.gradle\caches\7.3.3\fileContent)" [_thread_blocked, id=12568, stack(0x000000f234c00000,0x000000f234d00000)]
  0x00000219024ee000 JavaThread "jar transforms Thread 2" [_thread_blocked, id=19532, stack(0x000000f234d00000,0x000000f234e00000)]
  0x00000219024ee800 JavaThread "Cache worker for dependencies-accessors (C:\Users\user\Desktop\Kursach\.gradle\7.3.3\dependencies-accessors)" [_thread_blocked, id=7984, stack(0x000000f234e00000,0x000000f234f00000)]
  0x00000219024e9000 JavaThread "jar transforms Thread 3" [_thread_blocked, id=5820, stack(0x000000f234300000,0x000000f234400000)]
  0x00000219024f3000 JavaThread "Cache worker for Build Output Cleanup Cache (C:\Users\user\Desktop\Kursach\.gradle\buildOutputCleanup)" [_thread_blocked, id=17092, stack(0x000000f234f00000,0x000000f235000000)]
  0x00000219024f5000 JavaThread "Unconstrained build operations" [_thread_blocked, id=20932, stack(0x000000f235000000,0x000000f235100000)]
  0x00000219024f1000 JavaThread "Unconstrained build operations Thread 2" [_thread_blocked, id=8908, stack(0x000000f235100000,0x000000f235200000)]
  0x00000219024f0800 JavaThread "Unconstrained build operations Thread 3" [_thread_blocked, id=14384, stack(0x000000f235200000,0x000000f235300000)]
  0x00000219024f3800 JavaThread "Unconstrained build operations Thread 4" [_thread_blocked, id=11856, stack(0x000000f235300000,0x000000f235400000)]
  0x00000219024f2000 JavaThread "Unconstrained build operations Thread 5" [_thread_blocked, id=3380, stack(0x000000f235400000,0x000000f235500000)]
  0x00000219024ef800 JavaThread "Unconstrained build operations Thread 6" [_thread_blocked, id=21060, stack(0x000000f235500000,0x000000f235600000)]
  0x00000219024f4800 JavaThread "Unconstrained build operations Thread 7" [_thread_blocked, id=6816, stack(0x000000f235600000,0x000000f235700000)]
  0x00000219024f6000 JavaThread "Unconstrained build operations Thread 8" [_thread_blocked, id=21260, stack(0x000000f235700000,0x000000f235800000)]
  0x000002197df65800 JavaThread "Unconstrained build operations Thread 9" [_thread_blocked, id=7452, stack(0x000000f235800000,0x000000f235900000)]
  0x000002197df6c000 JavaThread "Unconstrained build operations Thread 10" [_thread_blocked, id=6252, stack(0x000000f235900000,0x000000f235a00000)]
  0x000002197df66000 JavaThread "Unconstrained build operations Thread 11" [_thread_blocked, id=22160, stack(0x000000f235a00000,0x000000f235b00000)]
  0x000002197df6c800 JavaThread "Unconstrained build operations Thread 12" [_thread_blocked, id=3452, stack(0x000000f235b00000,0x000000f235c00000)]
  0x000002197df69800 JavaThread "Unconstrained build operations Thread 13" [_thread_blocked, id=17752, stack(0x000000f235c00000,0x000000f235d00000)]
  0x000002197df67800 JavaThread "Unconstrained build operations Thread 14" [_thread_blocked, id=4716, stack(0x000000f235d00000,0x000000f235e00000)]
  0x000002197df67000 JavaThread "Unconstrained build operations Thread 15" [_thread_blocked, id=11476, stack(0x000000f235e00000,0x000000f235f00000)]
  0x000002197df6d800 JavaThread "Unconstrained build operations Thread 16" [_thread_blocked, id=19808, stack(0x000000f235f00000,0x000000f236000000)]
  0x000002197df6e800 JavaThread "Unconstrained build operations Thread 17" [_thread_blocked, id=20288, stack(0x000000f236000000,0x000000f236100000)]
  0x000002197df68800 JavaThread "Unconstrained build operations Thread 18" [_thread_blocked, id=5968, stack(0x000000f236100000,0x000000f236200000)]
  0x000002197df6b000 JavaThread "Unconstrained build operations Thread 19" [_thread_blocked, id=13196, stack(0x000000f236200000,0x000000f236300000)]
  0x000002197df6f000 JavaThread "Unconstrained build operations Thread 20" [_thread_blocked, id=9796, stack(0x000000f236300000,0x000000f236400000)]
  0x000002197df70000 JavaThread "Unconstrained build operations Thread 21" [_thread_blocked, id=20236, stack(0x000000f236400000,0x000000f236500000)]
  0x000002197df6a000 JavaThread "Unconstrained build operations Thread 22" [_thread_blocked, id=5484, stack(0x000000f236500000,0x000000f236600000)]
  0x000002197df73000 JavaThread "Unconstrained build operations Thread 23" [_thread_blocked, id=11128, stack(0x000000f236600000,0x000000f236700000)]
  0x000002197df74000 JavaThread "Unconstrained build operations Thread 24" [_thread_blocked, id=12448, stack(0x000000f236700000,0x000000f236800000)]
  0x000002197df70800 JavaThread "Unconstrained build operations Thread 25" [_thread_blocked, id=22348, stack(0x000000f236800000,0x000000f236900000)]
  0x000002197df71800 JavaThread "Unconstrained build operations Thread 26" [_thread_blocked, id=12008, stack(0x000000f236900000,0x000000f236a00000)]
  0x000002197df72800 JavaThread "Unconstrained build operations Thread 27" [_thread_blocked, id=6572, stack(0x000000f236a00000,0x000000f236b00000)]
  0x0000021902759800 JavaThread "Unconstrained build operations Thread 28" [_thread_blocked, id=21076, stack(0x000000f236b00000,0x000000f236c00000)]
  0x000002190275c000 JavaThread "Unconstrained build operations Thread 29" [_thread_blocked, id=5228, stack(0x000000f236c00000,0x000000f236d00000)]
  0x000002190275d000 JavaThread "Unconstrained build operations Thread 30" [_thread_blocked, id=21180, stack(0x000000f236d00000,0x000000f236e00000)]
  0x000002190275e800 JavaThread "Unconstrained build operations Thread 31" [_thread_blocked, id=8120, stack(0x000000f236e00000,0x000000f236f00000)]
  0x000002190275a800 JavaThread "Unconstrained build operations Thread 32" [_thread_blocked, id=15180, stack(0x000000f236f00000,0x000000f237000000)]
  0x000002190275b800 JavaThread "Unconstrained build operations Thread 33" [_thread_blocked, id=15408, stack(0x000000f237000000,0x000000f237100000)]
  0x000002190275d800 JavaThread "Unconstrained build operations Thread 34" [_thread_blocked, id=7504, stack(0x000000f237100000,0x000000f237200000)]
  0x0000021902759000 JavaThread "Unconstrained build operations Thread 35" [_thread_blocked, id=5100, stack(0x000000f237200000,0x000000f237300000)]
  0x0000021902764800 JavaThread "Unconstrained build operations Thread 36" [_thread_blocked, id=19428, stack(0x000000f237300000,0x000000f237400000)]
  0x0000021902763800 JavaThread "Unconstrained build operations Thread 37" [_thread_blocked, id=5796, stack(0x000000f237400000,0x000000f237500000)]
  0x0000021902765000 JavaThread "Unconstrained build operations Thread 38" [_thread_blocked, id=19704, stack(0x000000f237500000,0x000000f237600000)]
  0x0000021902762800 JavaThread "Unconstrained build operations Thread 39" [_thread_blocked, id=11384, stack(0x000000f237600000,0x000000f237700000)]
  0x0000021902762000 JavaThread "Unconstrained build operations Thread 40" [_thread_blocked, id=21900, stack(0x000000f237700000,0x000000f237800000)]
  0x000002190275f800 JavaThread "Unconstrained build operations Thread 41" [_thread_blocked, id=4556, stack(0x000000f237800000,0x000000f237900000)]
  0x0000021902766000 JavaThread "Unconstrained build operations Thread 42" [_thread_blocked, id=12520, stack(0x000000f237900000,0x000000f237a00000)]
  0x0000021902761000 JavaThread "Unconstrained build operations Thread 43" [_thread_blocked, id=10348, stack(0x000000f237a00000,0x000000f237b00000)]
  0x0000021902760000 JavaThread "Unconstrained build operations Thread 44" [_thread_blocked, id=20272, stack(0x000000f237b00000,0x000000f237c00000)]
  0x0000021902766800 JavaThread "Unconstrained build operations Thread 45" [_thread_blocked, id=18688, stack(0x000000f237c00000,0x000000f237d00000)]
  0x0000021902767800 JavaThread "Unconstrained build operations Thread 46" [_thread_blocked, id=2696, stack(0x000000f237d00000,0x000000f237e00000)]
  0x000002197eadc800 JavaThread "Unconstrained build operations Thread 47" [_thread_blocked, id=18076, stack(0x000000f237e00000,0x000000f237f00000)]
  0x000002197eade000 JavaThread "Unconstrained build operations Thread 48" [_thread_blocked, id=3192, stack(0x000000f237f00000,0x000000f238000000)]
  0x000002197eadb800 JavaThread "Unconstrained build operations Thread 49" [_thread_blocked, id=18536, stack(0x000000f238000000,0x000000f238100000)]
  0x000002197eadf000 JavaThread "Unconstrained build operations Thread 50" [_thread_blocked, id=21688, stack(0x000000f238100000,0x000000f238200000)]
  0x000002197eadd800 JavaThread "Unconstrained build operations Thread 51" [_thread_blocked, id=21816, stack(0x000000f238200000,0x000000f238300000)]
  0x000002197eae0000 JavaThread "Unconstrained build operations Thread 52" [_thread_blocked, id=20564, stack(0x000000f238300000,0x000000f238400000)]
  0x000002197eada000 JavaThread "Unconstrained build operations Thread 53" [_thread_blocked, id=20304, stack(0x000000f238400000,0x000000f238500000)]
  0x000002197eae0800 JavaThread "Unconstrained build operations Thread 54" [_thread_blocked, id=18856, stack(0x000000f238500000,0x000000f238600000)]
  0x000002197eadb000 JavaThread "Unconstrained build operations Thread 55" [_thread_blocked, id=4252, stack(0x000000f238600000,0x000000f238700000)]
  0x000002197eae2800 JavaThread "Unconstrained build operations Thread 56" [_thread_blocked, id=20972, stack(0x000000f238700000,0x000000f238800000)]
  0x000002197eae1800 JavaThread "Unconstrained build operations Thread 57" [_thread_blocked, id=17180, stack(0x000000f238800000,0x000000f238900000)]
  0x000002197eae8000 JavaThread "Unconstrained build operations Thread 58" [_thread_blocked, id=2152, stack(0x000000f238900000,0x000000f238a00000)]
  0x000002197eae4000 JavaThread "Unconstrained build operations Thread 59" [_thread_blocked, id=5996, stack(0x000000f238a00000,0x000000f238b00000)]
  0x000002197eae9000 JavaThread "Unconstrained build operations Thread 60" [_thread_blocked, id=21448, stack(0x000000f238b00000,0x000000f238c00000)]
  0x000002197eae5800 JavaThread "Unconstrained build operations Thread 61" [_thread_blocked, id=18708, stack(0x000000f238c00000,0x000000f238d00000)]
  0x000002197eae6800 JavaThread "Unconstrained build operations Thread 62" [_thread_blocked, id=21192, stack(0x000000f238d00000,0x000000f238e00000)]
  0x000002197eae3000 JavaThread "Unconstrained build operations Thread 63" [_thread_blocked, id=20640, stack(0x000000f238e00000,0x000000f238f00000)]
  0x000002197eae7000 JavaThread "Unconstrained build operations Thread 64" [_thread_blocked, id=3444, stack(0x000000f238f00000,0x000000f239000000)]
  0x000002197eae4800 JavaThread "Unconstrained build operations Thread 65" [_thread_blocked, id=21064, stack(0x000000f239000000,0x000000f239100000)]
  0x0000021902953800 JavaThread "Unconstrained build operations Thread 66" [_thread_blocked, id=14668, stack(0x000000f239100000,0x000000f239200000)]
  0x0000021902951000 JavaThread "Unconstrained build operations Thread 67" [_thread_blocked, id=2428, stack(0x000000f239200000,0x000000f239300000)]
  0x0000021902951800 JavaThread "Unconstrained build operations Thread 68" [_thread_blocked, id=17264, stack(0x000000f239300000,0x000000f239400000)]
  0x0000021902952800 JavaThread "Unconstrained build operations Thread 69" [_thread_blocked, id=7032, stack(0x000000f239400000,0x000000f239500000)]
  0x0000021902954000 JavaThread "Unconstrained build operations Thread 70" [_thread_blocked, id=8476, stack(0x000000f239500000,0x000000f239600000)]
  0x000002190294f000 JavaThread "Unconstrained build operations Thread 71" [_thread_blocked, id=19048, stack(0x000000f239600000,0x000000f239700000)]
  0x000002190294e800 JavaThread "Unconstrained build operations Thread 72" [_thread_blocked, id=8396, stack(0x000000f239700000,0x000000f239800000)]
  0x0000021902955000 JavaThread "Unconstrained build operations Thread 73" [_thread_blocked, id=2604, stack(0x000000f239800000,0x000000f239900000)]
  0x0000021902955800 JavaThread "Unconstrained build operations Thread 74" [_thread_blocked, id=11692, stack(0x000000f239900000,0x000000f239a00000)]
  0x0000021902950000 JavaThread "Unconstrained build operations Thread 75" [_thread_blocked, id=19528, stack(0x000000f239a00000,0x000000f239b00000)]
  0x000002190295b800 JavaThread "Unconstrained build operations Thread 76" [_thread_blocked, id=21040, stack(0x000000f239b00000,0x000000f239c00000)]
  0x000002190295a800 JavaThread "Unconstrained build operations Thread 77" [_thread_blocked, id=19052, stack(0x000000f239c00000,0x000000f239d00000)]
  0x000002190295c800 JavaThread "Unconstrained build operations Thread 78" [_thread_blocked, id=13084, stack(0x000000f239d00000,0x000000f239e00000)]
  0x0000021902959000 JavaThread "Unconstrained build operations Thread 79" [_thread_blocked, id=21916, stack(0x000000f239e00000,0x000000f239f00000)]
  0x000002190295a000 JavaThread "Unconstrained build operations Thread 80" [_thread_blocked, id=15936, stack(0x000000f239f00000,0x000000f23a000000)]
  0x0000021902956800 JavaThread "jar transforms Thread 4" [_thread_blocked, id=15808, stack(0x000000f23a000000,0x000000f23a100000)]
  0x000002190295d000 JavaThread "jar transforms Thread 5" [_thread_blocked, id=4200, stack(0x000000f23a100000,0x000000f23a200000)]
  0x0000021902957800 JavaThread "jar transforms Thread 6" [_thread_blocked, id=6176, stack(0x000000f23a200000,0x000000f23a300000)]
  0x0000021902958000 JavaThread "jar transforms Thread 7" [_thread_blocked, id=20628, stack(0x000000f23a300000,0x000000f23a400000)]
  0x000002197ce0b800 JavaThread "jar transforms Thread 8" [_thread_blocked, id=19008, stack(0x000000f23a400000,0x000000f23a500000)]
  0x000002197ce0d800 JavaThread "Memory manager" [_thread_blocked, id=21048, stack(0x000000f23a500000,0x000000f23a600000)]
  0x000002197ce0c800 JavaThread "build event listener" [_thread_blocked, id=16600, stack(0x000000f23a600000,0x000000f23a700000)]
  0x000002197ce0a000 JavaThread "pool-3-thread-1" [_thread_blocked, id=22508, stack(0x000000f23a700000,0x000000f23a800000)]
  0x000002197ce07800 JavaThread "build event listener" [_thread_blocked, id=19956, stack(0x000000f23a800000,0x000000f23a900000)]
  0x000002197ce0e000 JavaThread "Execution worker for ':'" [_thread_blocked, id=18808, stack(0x000000f23a900000,0x000000f23aa00000)]
  0x000002197ce08800 JavaThread "Execution worker for ':' Thread 2" [_thread_in_Java, id=2220, stack(0x000000f23aa00000,0x000000f23ab00000)]
  0x000002197ce0b000 JavaThread "Execution worker for ':' Thread 3" [_thread_blocked, id=21120, stack(0x000000f23ab00000,0x000000f23ac00000)]
  0x000002197ce0f000 JavaThread "Execution worker for ':' Thread 4" [_thread_blocked, id=6164, stack(0x000000f23ac00000,0x000000f23ad00000)]
  0x000002197ce09000 JavaThread "Execution worker for ':' Thread 5" [_thread_blocked, id=21320, stack(0x000000f23ad00000,0x000000f23ae00000)]
  0x000002197ce13000 JavaThread "Execution worker for ':' Thread 6" [_thread_blocked, id=21664, stack(0x000000f23ae00000,0x000000f23af00000)]
  0x000002197ce14800 JavaThread "Execution worker for ':' Thread 7" [_thread_blocked, id=21984, stack(0x000000f23af00000,0x000000f23b000000)]
  0x000002197ce10000 JavaThread "Cache worker for execution history cache (C:\Users\user\Desktop\Kursach\.gradle\7.3.3\executionHistory)" [_thread_blocked, id=15172, stack(0x000000f23b000000,0x000000f23b100000)]
  0x000002197ce10800 JavaThread "WorkerExecutor Queue" [_thread_blocked, id=19860, stack(0x000000f23b200000,0x000000f23b300000)]
  0x000002197ce16800 JavaThread "WorkerExecutor Queue Thread 2" [_thread_blocked, id=8300, stack(0x000000f23b300000,0x000000f23b400000)]
  0x000002197ce14000 JavaThread "WorkerExecutor Queue Thread 3" [_thread_blocked, id=16940, stack(0x000000f23b400000,0x000000f23b500000)]
  0x000002197ce15800 JavaThread "pool-4-thread-1" [_thread_blocked, id=21708, stack(0x000000f23b500000,0x000000f23b600000)]
  0x000002197ce11800 JavaThread "stderr" [_thread_in_native, id=13640, stack(0x000000f23b600000,0x000000f23b700000)]
  0x000002197ce12000 JavaThread "stdout" [_thread_in_native, id=19208, stack(0x000000f23b700000,0x000000f23b800000)]
  0x0000021903ab6000 JavaThread "Cache worker for Java compile cache (C:\Users\user\.gradle\caches\7.3.3\javaCompile)" [_thread_blocked, id=20556, stack(0x000000f23b100000,0x000000f23b200000)]
  0x0000021903ab2800 JavaThread "Build operations" [_thread_blocked, id=22140, stack(0x000000f23b800000,0x000000f23b900000)]
  0x0000021903ab4800 JavaThread "Build operations Thread 2" [_thread_blocked, id=16592, stack(0x000000f23b900000,0x000000f23ba00000)]
  0x0000021903ab3800 JavaThread "Build operations Thread 3" [_thread_blocked, id=10112, stack(0x000000f23ba00000,0x000000f23bb00000)]
  0x0000021903ab1000 JavaThread "Build operations Thread 4" [_thread_blocked, id=9892, stack(0x000000f23bb00000,0x000000f23bc00000)]
  0x0000021903ab7000 JavaThread "Build operations Thread 5" [_thread_blocked, id=22032, stack(0x000000f23bc00000,0x000000f23bd00000)]
  0x0000021903ab5000 JavaThread "Build operations Thread 6" [_thread_blocked, id=14604, stack(0x000000f23bd00000,0x000000f23be00000)]
  0x0000021903ab7800 JavaThread "Build operations Thread 7" [_thread_blocked, id=13380, stack(0x000000f23be00000,0x000000f23bf00000)]
  0x0000021903ab2000 JavaThread "Build operations Thread 8" [_thread_blocked, id=12812, stack(0x000000f23bf00000,0x000000f23c000000)]

Other Threads:
  0x000002197bdbf800 VMThread "VM Thread" [stack: 0x000000f232300000,0x000000f232400000] [id=18228]
  0x000002197c8ca800 WatcherThread [stack: 0x000000f232d00000,0x000000f232e00000] [id=5676]
  0x000002195f997000 GCTaskThread "GC Thread#0" [stack: 0x000000f231e00000,0x000000f231f00000] [id=12808]
  0x000002197d761000 GCTaskThread "GC Thread#1" [stack: 0x000000f232f00000,0x000000f233000000] [id=5416]
  0x000002197d626000 GCTaskThread "GC Thread#2" [stack: 0x000000f233000000,0x000000f233100000] [id=21828]
  0x000002197e05b800 GCTaskThread "GC Thread#3" [stack: 0x000000f233a00000,0x000000f233b00000] [id=3992]
  0x000002197e2e7000 GCTaskThread "GC Thread#4" [stack: 0x000000f233b00000,0x000000f233c00000] [id=11308]
  0x000002197e6fb800 GCTaskThread "GC Thread#5" [stack: 0x000000f233c00000,0x000000f233d00000] [id=19372]
  0x000002197e6fc800 GCTaskThread "GC Thread#6" [stack: 0x000000f233d00000,0x000000f233e00000] [id=22488]
  0x000002197dd36000 GCTaskThread "GC Thread#7" [stack: 0x000000f233e00000,0x000000f233f00000] [id=19540]
  0x000002195f9c8800 ConcurrentGCThread "G1 Main Marker" [stack: 0x000000f231f00000,0x000000f232000000] [id=20224]
  0x000002195f9cb000 ConcurrentGCThread "G1 Conc#0" [stack: 0x000000f232000000,0x000000f232100000] [id=20680]
  0x000002197dbce800 ConcurrentGCThread "G1 Conc#1" [stack: 0x000000f234200000,0x000000f234300000] [id=22376]
  0x000002197bc10800 ConcurrentGCThread "G1 Refine#0" [stack: 0x000000f232100000,0x000000f232200000] [id=19028]
  0x000002197bc11000 ConcurrentGCThread "G1 Young RemSet Sampling" [stack: 0x000000f232200000,0x000000f232300000] [id=19744]

Threads with active compile tasks:
C2 CompilerThread0  21676 13396   !   4       com.sun.tools.javac.jvm.ClassReader::classSigToType (498 bytes)
C1 CompilerThread0  21676 13555       2       com.sun.tools.javac.comp.Attr::check (219 bytes)

VM state:not at safepoint (normal execution)

VM Mutex/Monitor currently owned by a thread: None

Heap address: 0x0000000080000000, size: 2048 MB, Compressed Oops mode: 32-bit
Narrow klass base: 0x0000000000000000, Narrow klass shift: 3
Compressed class space size: 1073741824 Address: 0x0000000100000000

Heap:
 garbage-first heap   total 229376K, used 138670K [0x0000000080000000, 0x0000000100000000)
  region size 1024K, 39 young (39936K), 8 survivors (8192K)
 Metaspace       used 106064K, capacity 108590K, committed 108620K, reserved 1144832K
  class space    used 13334K, capacity 14268K, committed 14284K, reserved 1048576K
Heap Regions: E=young(eden), S=young(survivor), O=old, HS=humongous(starts), HC=humongous(continues), CS=collection set, F=free, A=archive, TAMS=top-at-mark-start (previous, next)
|   0|0x0000000080000000, 0x0000000080100000, 0x0000000080100000|100%| O|  |TAMS 0x0000000080100000, 0x0000000080000000| Untracked 
|   1|0x0000000080100000, 0x0000000080200000, 0x0000000080200000|100%| O|  |TAMS 0x0000000080200000, 0x0000000080100000| Untracked 
|   2|0x0000000080200000, 0x0000000080300000, 0x0000000080300000|100%| O|  |TAMS 0x0000000080300000, 0x0000000080200000| Untracked 
|   3|0x0000000080300000, 0x0000000080400000, 0x0000000080400000|100%|HS|  |TAMS 0x0000000080400000, 0x0000000080300000| Complete 
|   4|0x0000000080400000, 0x0000000080500000, 0x0000000080500000|100%|HC|  |TAMS 0x0000000080500000, 0x0000000080400000| Complete 
|   5|0x0000000080500000, 0x0000000080600000, 0x0000000080600000|100%|HC|  |TAMS 0x0000000080600000, 0x0000000080500000| Complete 
|   6|0x0000000080600000, 0x0000000080700000, 0x0000000080700000|100%| O|  |TAMS 0x0000000080700000, 0x0000000080600000| Untracked 
|   7|0x0000000080700000, 0x0000000080800000, 0x0000000080800000|100%| O|  |TAMS 0x0000000080800000, 0x0000000080700000| Untracked 
|   8|0x0000000080800000, 0x0000000080900000, 0x0000000080900000|100%| O|  |TAMS 0x0000000080900000, 0x0000000080800000| Untracked 
|   9|0x0000000080900000, 0x0000000080a00000, 0x0000000080a00000|100%| O|  |TAMS 0x0000000080a00000, 0x0000000080900000| Untracked 
|  10|0x0000000080a00000, 0x0000000080b00000, 0x0000000080b00000|100%| O|  |TAMS 0x0000000080b00000, 0x0000000080a00000| Untracked 
|  11|0x0000000080b00000, 0x0000000080c00000, 0x0000000080c00000|100%| O|  |TAMS 0x0000000080c00000, 0x0000000080b00000| Untracked 
|  12|0x0000000080c00000, 0x0000000080d00000, 0x0000000080d00000|100%| O|  |TAMS 0x0000000080d00000, 0x0000000080c00000| Untracked 
|  13|0x0000000080d00000, 0x0000000080e00000, 0x0000000080e00000|100%| O|  |TAMS 0x0000000080e00000, 0x0000000080d00000| Untracked 
|  14|0x0000000080e00000, 0x0000000080f00000, 0x0000000080f00000|100%| O|  |TAMS 0x0000000080f00000, 0x0000000080e00000| Untracked 
|  15|0x0000000080f00000, 0x0000000081000000, 0x0000000081000000|100%| O|  |TAMS 0x0000000081000000, 0x0000000080f00000| Untracked 
|  16|0x0000000081000000, 0x0000000081100000, 0x0000000081100000|100%| O|  |TAMS 0x0000000081100000, 0x0000000081000000| Untracked 
|  17|0x0000000081100000, 0x0000000081200000, 0x0000000081200000|100%|HS|  |TAMS 0x0000000081200000, 0x0000000081100000| Complete 
|  18|0x0000000081200000, 0x0000000081300000, 0x0000000081300000|100%| O|  |TAMS 0x0000000081300000, 0x0000000081200000| Untracked 
|  19|0x0000000081300000, 0x0000000081400000, 0x0000000081400000|100%| O|  |TAMS 0x0000000081400000, 0x0000000081300000| Untracked 
|  20|0x0000000081400000, 0x0000000081500000, 0x0000000081500000|100%| O|  |TAMS 0x0000000081500000, 0x0000000081400000| Untracked 
|  21|0x0000000081500000, 0x0000000081600000, 0x0000000081600000|100%| O|  |TAMS 0x0000000081600000, 0x0000000081500000| Untracked 
|  22|0x0000000081600000, 0x0000000081700000, 0x0000000081700000|100%| O|  |TAMS 0x0000000081700000, 0x0000000081600000| Untracked 
|  23|0x0000000081700000, 0x0000000081800000, 0x0000000081800000|100%| O|  |TAMS 0x0000000081800000, 0x0000000081700000| Untracked 
|  24|0x0000000081800000, 0x0000000081900000, 0x0000000081900000|100%| O|  |TAMS 0x0000000081900000, 0x0000000081800000| Untracked 
|  25|0x0000000081900000, 0x0000000081a00000, 0x0000000081a00000|100%| O|  |TAMS 0x0000000081a00000, 0x0000000081900000| Untracked 
|  26|0x0000000081a00000, 0x0000000081b00000, 0x0000000081b00000|100%| O|  |TAMS 0x0000000081b00000, 0x0000000081a00000| Untracked 
|  27|0x0000000081b00000, 0x0000000081c00000, 0x0000000081c00000|100%|HS|  |TAMS 0x0000000081c00000, 0x0000000081b00000| Complete 
|  28|0x0000000081c00000, 0x0000000081d00000, 0x0000000081d00000|100%|HS|  |TAMS 0x0000000081d00000, 0x0000000081c00000| Complete 
|  29|0x0000000081d00000, 0x0000000081e00000, 0x0000000081e00000|100%|HC|  |TAMS 0x0000000081e00000, 0x0000000081d00000| Complete 
|  30|0x0000000081e00000, 0x0000000081f00000, 0x0000000081f00000|100%| O|  |TAMS 0x0000000081f00000, 0x0000000081e00000| Untracked 
|  31|0x0000000081f00000, 0x0000000082000000, 0x0000000082000000|100%| O|  |TAMS 0x0000000082000000, 0x0000000081f00000| Untracked 
|  32|0x0000000082000000, 0x0000000082100000, 0x0000000082100000|100%| O|  |TAMS 0x0000000082100000, 0x0000000082000000| Untracked 
|  33|0x0000000082100000, 0x0000000082200000, 0x0000000082200000|100%| O|  |TAMS 0x0000000082200000, 0x0000000082100000| Untracked 
|  34|0x0000000082200000, 0x0000000082300000, 0x0000000082300000|100%| O|  |TAMS 0x0000000082300000, 0x0000000082200000| Untracked 
|  35|0x0000000082300000, 0x0000000082400000, 0x0000000082400000|100%| O|  |TAMS 0x0000000082400000, 0x0000000082300000| Untracked 
|  36|0x0000000082400000, 0x0000000082500000, 0x0000000082500000|100%| O|  |TAMS 0x0000000082500000, 0x0000000082400000| Untracked 
|  37|0x0000000082500000, 0x0000000082600000, 0x0000000082600000|100%| O|  |TAMS 0x0000000082600000, 0x0000000082500000| Untracked 
|  38|0x0000000082600000, 0x0000000082700000, 0x0000000082700000|100%| O|  |TAMS 0x0000000082700000, 0x0000000082600000| Untracked 
|  39|0x0000000082700000, 0x0000000082800000, 0x0000000082800000|100%| O|  |TAMS 0x0000000082800000, 0x0000000082700000| Untracked 
|  40|0x0000000082800000, 0x0000000082900000, 0x0000000082900000|100%| O|  |TAMS 0x0000000082900000, 0x0000000082800000| Untracked 
|  41|0x0000000082900000, 0x0000000082a00000, 0x0000000082a00000|100%| O|  |TAMS 0x0000000082a00000, 0x0000000082900000| Untracked 
|  42|0x0000000082a00000, 0x0000000082b00000, 0x0000000082b00000|100%| O|  |TAMS 0x0000000082b00000, 0x0000000082a00000| Untracked 
|  43|0x0000000082b00000, 0x0000000082c00000, 0x0000000082c00000|100%| O|  |TAMS 0x0000000082c00000, 0x0000000082b00000| Untracked 
|  44|0x0000000082c00000, 0x0000000082d00000, 0x0000000082d00000|100%| O|  |TAMS 0x0000000082d00000, 0x0000000082c00000| Untracked 
|  45|0x0000000082d00000, 0x0000000082e00000, 0x0000000082e00000|100%| O|  |TAMS 0x0000000082e00000, 0x0000000082d00000| Untracked 
|  46|0x0000000082e00000, 0x0000000082f00000, 0x0000000082f00000|100%| O|  |TAMS 0x0000000082f00000, 0x0000000082e00000| Untracked 
|  47|0x0000000082f00000, 0x0000000083000000, 0x0000000083000000|100%| O|  |TAMS 0x0000000083000000, 0x0000000082f00000| Untracked 
|  48|0x0000000083000000, 0x0000000083100000, 0x0000000083100000|100%| O|  |TAMS 0x0000000083100000, 0x0000000083000000| Untracked 
|  49|0x0000000083100000, 0x0000000083200000, 0x0000000083200000|100%| O|  |TAMS 0x0000000083200000, 0x0000000083100000| Untracked 
|  50|0x0000000083200000, 0x0000000083300000, 0x0000000083300000|100%| O|  |TAMS 0x0000000083300000, 0x0000000083200000| Untracked 
|  51|0x0000000083300000, 0x0000000083400000, 0x0000000083400000|100%| O|  |TAMS 0x0000000083400000, 0x0000000083300000| Untracked 
|  52|0x0000000083400000, 0x0000000083500000, 0x0000000083500000|100%| O|  |TAMS 0x0000000083500000, 0x0000000083400000| Untracked 
|  53|0x0000000083500000, 0x0000000083600000, 0x0000000083600000|100%| O|  |TAMS 0x0000000083600000, 0x0000000083500000| Untracked 
|  54|0x0000000083600000, 0x0000000083700000, 0x0000000083700000|100%| O|  |TAMS 0x0000000083700000, 0x0000000083600000| Untracked 
|  55|0x0000000083700000, 0x0000000083800000, 0x0000000083800000|100%| O|  |TAMS 0x0000000083800000, 0x0000000083700000| Untracked 
|  56|0x0000000083800000, 0x0000000083900000, 0x0000000083900000|100%| O|  |TAMS 0x0000000083900000, 0x0000000083800000| Untracked 
|  57|0x0000000083900000, 0x0000000083a00000, 0x0000000083a00000|100%| O|  |TAMS 0x0000000083a00000, 0x0000000083900000| Untracked 
|  58|0x0000000083a00000, 0x0000000083b00000, 0x0000000083b00000|100%| O|  |TAMS 0x0000000083b00000, 0x0000000083a00000| Untracked 
|  59|0x0000000083b00000, 0x0000000083c00000, 0x0000000083c00000|100%| O|  |TAMS 0x0000000083c00000, 0x0000000083b00000| Untracked 
|  60|0x0000000083c00000, 0x0000000083d00000, 0x0000000083d00000|100%| O|  |TAMS 0x0000000083d00000, 0x0000000083c00000| Untracked 
|  61|0x0000000083d00000, 0x0000000083e00000, 0x0000000083e00000|100%| O|  |TAMS 0x0000000083e00000, 0x0000000083d00000| Untracked 
|  62|0x0000000083e00000, 0x0000000083f00000, 0x0000000083f00000|100%| O|  |TAMS 0x0000000083f00000, 0x0000000083e00000| Untracked 
|  63|0x0000000083f00000, 0x0000000084000000, 0x0000000084000000|100%| O|  |TAMS 0x0000000084000000, 0x0000000083f00000| Untracked 
|  64|0x0000000084000000, 0x0000000084100000, 0x0000000084100000|100%| O|  |TAMS 0x0000000084000000, 0x0000000084000000| Untracked 
|  65|0x0000000084100000, 0x0000000084200000, 0x0000000084200000|100%| O|  |TAMS 0x0000000084200000, 0x0000000084100000| Untracked 
|  66|0x0000000084200000, 0x0000000084300000, 0x0000000084300000|100%| O|  |TAMS 0x0000000084300000, 0x0000000084200000| Untracked 
|  67|0x0000000084300000, 0x0000000084400000, 0x0000000084400000|100%| O|  |TAMS 0x0000000084400000, 0x0000000084300000| Untracked 
|  68|0x0000000084400000, 0x0000000084500000, 0x0000000084500000|100%| O|  |TAMS 0x0000000084500000, 0x0000000084400000| Untracked 
|  69|0x0000000084500000, 0x0000000084600000, 0x0000000084600000|100%| O|  |TAMS 0x0000000084600000, 0x0000000084500000| Untracked 
|  70|0x0000000084600000, 0x0000000084700000, 0x0000000084700000|100%| O|  |TAMS 0x0000000084700000, 0x0000000084600000| Untracked 
|  71|0x0000000084700000, 0x0000000084800000, 0x0000000084800000|100%| O|  |TAMS 0x0000000084800000, 0x0000000084700000| Untracked 
|  72|0x0000000084800000, 0x0000000084900000, 0x0000000084900000|100%| O|  |TAMS 0x0000000084800000, 0x0000000084800000| Untracked 
|  73|0x0000000084900000, 0x0000000084a00000, 0x0000000084a00000|100%| O|  |TAMS 0x0000000084900000, 0x0000000084900000| Untracked 
|  74|0x0000000084a00000, 0x0000000084b00000, 0x0000000084b00000|100%| O|  |TAMS 0x0000000084a00000, 0x0000000084a00000| Untracked 
|  75|0x0000000084b00000, 0x0000000084c00000, 0x0000000084c00000|100%| O|  |TAMS 0x0000000084b00000, 0x0000000084b00000| Untracked 
|  76|0x0000000084c00000, 0x0000000084d00000, 0x0000000084d00000|100%|HS|  |TAMS 0x0000000084c00000, 0x0000000084c00000| Complete 
|  77|0x0000000084d00000, 0x0000000084e00000, 0x0000000084e00000|100%|HC|  |TAMS 0x0000000084d00000, 0x0000000084d00000| Complete 
|  78|0x0000000084e00000, 0x0000000084f00000, 0x0000000084f00000|100%| O|  |TAMS 0x0000000084f00000, 0x0000000084e00000| Untracked 
|  79|0x0000000084f00000, 0x0000000085000000, 0x0000000085000000|100%| O|  |TAMS 0x0000000085000000, 0x0000000084f00000| Untracked 
|  80|0x0000000085000000, 0x0000000085100000, 0x0000000085100000|100%| O|  |TAMS 0x0000000085100000, 0x0000000085000000| Untracked 
|  81|0x0000000085100000, 0x0000000085200000, 0x0000000085200000|100%| O|  |TAMS 0x0000000085100000, 0x0000000085100000| Untracked 
|  82|0x0000000085200000, 0x0000000085300000, 0x0000000085300000|100%| O|  |TAMS 0x0000000085200000, 0x0000000085200000| Untracked 
|  83|0x0000000085300000, 0x0000000085400000, 0x0000000085400000|100%| O|  |TAMS 0x0000000085400000, 0x0000000085300000| Untracked 
|  84|0x0000000085400000, 0x0000000085500000, 0x0000000085500000|100%| O|  |TAMS 0x0000000085400000, 0x0000000085400000| Untracked 
|  85|0x0000000085500000, 0x0000000085600000, 0x0000000085600000|100%| O|  |TAMS 0x0000000085500000, 0x0000000085500000| Untracked 
|  86|0x0000000085600000, 0x0000000085700000, 0x0000000085700000|100%| O|  |TAMS 0x0000000085600000, 0x0000000085600000| Untracked 
|  87|0x0000000085700000, 0x0000000085800000, 0x0000000085800000|100%| O|  |TAMS 0x0000000085700000, 0x0000000085700000| Untracked 
|  88|0x0000000085800000, 0x0000000085900000, 0x0000000085900000|100%| O|  |TAMS 0x0000000085900000, 0x0000000085800000| Untracked 
|  89|0x0000000085900000, 0x0000000085a00000, 0x0000000085a00000|100%| O|  |TAMS 0x0000000085a00000, 0x0000000085900000| Untracked 
|  90|0x0000000085a00000, 0x0000000085b00000, 0x0000000085b00000|100%| O|  |TAMS 0x0000000085b00000, 0x0000000085a00000| Untracked 
|  91|0x0000000085b00000, 0x0000000085c00000, 0x0000000085c00000|100%| O|  |TAMS 0x0000000085b00000, 0x0000000085b00000| Untracked 
|  92|0x0000000085c00000, 0x0000000085cafa00, 0x0000000085d00000| 68%| O|  |TAMS 0x0000000085c00000, 0x0000000085c00000| Untracked 
|  93|0x0000000085d00000, 0x0000000085d00000, 0x0000000085e00000|  0%| F|  |TAMS 0x0000000085d00000, 0x0000000085d00000| Untracked 
|  94|0x0000000085e00000, 0x0000000085e00000, 0x0000000085f00000|  0%| F|  |TAMS 0x0000000085e00000, 0x0000000085e00000| Untracked 
|  95|0x0000000085f00000, 0x0000000085f00000, 0x0000000086000000|  0%| F|  |TAMS 0x0000000085f00000, 0x0000000085f00000| Untracked 
|  96|0x0000000086000000, 0x0000000086000000, 0x0000000086100000|  0%| F|  |TAMS 0x0000000086000000, 0x0000000086000000| Untracked 
|  97|0x0000000086100000, 0x0000000086200000, 0x0000000086200000|100%| O|  |TAMS 0x0000000086200000, 0x0000000086100000| Untracked 
|  98|0x0000000086200000, 0x0000000086300000, 0x0000000086300000|100%| O|  |TAMS 0x0000000086300000, 0x0000000086200000| Untracked 
|  99|0x0000000086300000, 0x0000000086400000, 0x0000000086400000|100%| O|  |TAMS 0x0000000086400000, 0x0000000086300000| Untracked 
| 100|0x0000000086400000, 0x0000000086500000, 0x0000000086500000|100%| O|  |TAMS 0x0000000086500000, 0x0000000086400000| Untracked 
| 101|0x0000000086500000, 0x0000000086600000, 0x0000000086600000|100%| O|  |TAMS 0x000000008653b600, 0x0000000086500000| Untracked 
| 102|0x0000000086600000, 0x0000000086600000, 0x0000000086700000|  0%| F|  |TAMS 0x0000000086600000, 0x0000000086600000| Untracked 
| 103|0x0000000086700000, 0x0000000086700000, 0x0000000086800000|  0%| F|  |TAMS 0x0000000086700000, 0x0000000086700000| Untracked 
| 104|0x0000000086800000, 0x0000000086800000, 0x0000000086900000|  0%| F|  |TAMS 0x0000000086800000, 0x0000000086800000| Untracked 
| 105|0x0000000086900000, 0x0000000086900000, 0x0000000086a00000|  0%| F|  |TAMS 0x0000000086900000, 0x0000000086900000| Untracked 
| 106|0x0000000086a00000, 0x0000000086a00000, 0x0000000086b00000|  0%| F|  |TAMS 0x0000000086a00000, 0x0000000086a00000| Untracked 
| 107|0x0000000086b00000, 0x0000000086b00000, 0x0000000086c00000|  0%| F|  |TAMS 0x0000000086b00000, 0x0000000086b00000| Untracked 
| 108|0x0000000086c00000, 0x0000000086c00000, 0x0000000086d00000|  0%| F|  |TAMS 0x0000000086c00000, 0x0000000086c00000| Untracked 
| 109|0x0000000086d00000, 0x0000000086d00000, 0x0000000086e00000|  0%| F|  |TAMS 0x0000000086d00000, 0x0000000086d00000| Untracked 
| 110|0x0000000086e00000, 0x0000000086e00000, 0x0000000086f00000|  0%| F|  |TAMS 0x0000000086e00000, 0x0000000086e00000| Untracked 
| 111|0x0000000086f00000, 0x0000000086f00000, 0x0000000087000000|  0%| F|  |TAMS 0x0000000086f00000, 0x0000000086f00000| Untracked 
| 112|0x0000000087000000, 0x0000000087000000, 0x0000000087100000|  0%| F|  |TAMS 0x0000000087000000, 0x0000000087000000| Untracked 
| 113|0x0000000087100000, 0x0000000087100000, 0x0000000087200000|  0%| F|  |TAMS 0x0000000087100000, 0x0000000087100000| Untracked 
| 114|0x0000000087200000, 0x0000000087300000, 0x0000000087300000|100%| O|  |TAMS 0x0000000087300000, 0x0000000087200000| Untracked 
| 115|0x0000000087300000, 0x0000000087300000, 0x0000000087400000|  0%| F|  |TAMS 0x0000000087300000, 0x0000000087300000| Untracked 
| 116|0x0000000087400000, 0x0000000087400000, 0x0000000087500000|  0%| F|  |TAMS 0x0000000087400000, 0x0000000087400000| Untracked 
| 117|0x0000000087500000, 0x0000000087500000, 0x0000000087600000|  0%| F|  |TAMS 0x0000000087500000, 0x0000000087500000| Untracked 
| 118|0x0000000087600000, 0x0000000087600000, 0x0000000087700000|  0%| F|  |TAMS 0x0000000087600000, 0x0000000087600000| Untracked 
| 119|0x0000000087700000, 0x0000000087700000, 0x0000000087800000|  0%| F|  |TAMS 0x0000000087700000, 0x0000000087700000| Untracked 
| 120|0x0000000087800000, 0x0000000087800000, 0x0000000087900000|  0%| F|  |TAMS 0x0000000087800000, 0x0000000087800000| Untracked 
| 121|0x0000000087900000, 0x0000000087900000, 0x0000000087a00000|  0%| F|  |TAMS 0x0000000087900000, 0x0000000087900000| Untracked 
| 122|0x0000000087a00000, 0x0000000087a00000, 0x0000000087b00000|  0%| F|  |TAMS 0x0000000087a00000, 0x0000000087a00000| Untracked 
| 123|0x0000000087b00000, 0x0000000087b00000, 0x0000000087c00000|  0%| F|  |TAMS 0x0000000087b00000, 0x0000000087b00000| Untracked 
| 124|0x0000000087c00000, 0x0000000087c00000, 0x0000000087d00000|  0%| F|  |TAMS 0x0000000087c00000, 0x0000000087c00000| Untracked 
| 125|0x0000000087d00000, 0x0000000087d00000, 0x0000000087e00000|  0%| F|  |TAMS 0x0000000087d00000, 0x0000000087d00000| Untracked 
| 126|0x0000000087e00000, 0x0000000087e00000, 0x0000000087f00000|  0%| F|  |TAMS 0x0000000087e00000, 0x0000000087e00000| Untracked 
| 127|0x0000000087f00000, 0x0000000087f00000, 0x0000000088000000|  0%| F|  |TAMS 0x0000000087f00000, 0x0000000087f00000| Untracked 
| 128|0x0000000088000000, 0x0000000088000000, 0x0000000088100000|  0%| F|  |TAMS 0x0000000088000000, 0x0000000088000000| Untracked 
| 129|0x0000000088100000, 0x0000000088100000, 0x0000000088200000|  0%| F|  |TAMS 0x0000000088100000, 0x0000000088100000| Untracked 
| 130|0x0000000088200000, 0x0000000088200000, 0x0000000088300000|  0%| F|  |TAMS 0x0000000088200000, 0x0000000088200000| Untracked 
| 131|0x0000000088300000, 0x0000000088300000, 0x0000000088400000|  0%| F|  |TAMS 0x0000000088300000, 0x0000000088300000| Untracked 
| 132|0x0000000088400000, 0x0000000088400000, 0x0000000088500000|  0%| F|  |TAMS 0x0000000088400000, 0x0000000088400000| Untracked 
| 133|0x0000000088500000, 0x0000000088500000, 0x0000000088600000|  0%| F|  |TAMS 0x0000000088500000, 0x0000000088500000| Untracked 
| 134|0x0000000088600000, 0x0000000088600000, 0x0000000088700000|  0%| F|  |TAMS 0x0000000088600000, 0x0000000088600000| Untracked 
| 135|0x0000000088700000, 0x0000000088700000, 0x0000000088800000|  0%| F|  |TAMS 0x0000000088700000, 0x0000000088700000| Untracked 
| 136|0x0000000088800000, 0x0000000088800000, 0x0000000088900000|  0%| F|  |TAMS 0x0000000088800000, 0x0000000088800000| Untracked 
| 137|0x0000000088900000, 0x0000000088900000, 0x0000000088a00000|  0%| F|  |TAMS 0x0000000088900000, 0x0000000088900000| Untracked 
| 138|0x0000000088a00000, 0x0000000088a00000, 0x0000000088b00000|  0%| F|  |TAMS 0x0000000088a00000, 0x0000000088a00000| Untracked 
| 139|0x0000000088b00000, 0x0000000088b00000, 0x0000000088c00000|  0%| F|  |TAMS 0x0000000088b00000, 0x0000000088b00000| Untracked 
| 140|0x0000000088c00000, 0x0000000088c00000, 0x0000000088d00000|  0%| F|  |TAMS 0x0000000088c00000, 0x0000000088c00000| Untracked 
| 141|0x0000000088d00000, 0x0000000088d00000, 0x0000000088e00000|  0%| F|  |TAMS 0x0000000088d00000, 0x0000000088d00000| Untracked 
| 142|0x0000000088e00000, 0x0000000088e00000, 0x0000000088f00000|  0%| F|  |TAMS 0x0000000088e00000, 0x0000000088e00000| Untracked 
| 143|0x0000000088f00000, 0x0000000088f00000, 0x0000000089000000|  0%| F|  |TAMS 0x0000000088f00000, 0x0000000088f00000| Untracked 
| 144|0x0000000089000000, 0x00000000890bbf00, 0x0000000089100000| 73%| S|CS|TAMS 0x0000000089000000, 0x0000000089000000| Complete 
| 145|0x0000000089100000, 0x0000000089200000, 0x0000000089200000|100%| S|CS|TAMS 0x0000000089100000, 0x0000000089100000| Complete 
| 146|0x0000000089200000, 0x0000000089300000, 0x0000000089300000|100%| S|CS|TAMS 0x0000000089200000, 0x0000000089200000| Complete 
| 147|0x0000000089300000, 0x0000000089400000, 0x0000000089400000|100%| S|CS|TAMS 0x0000000089300000, 0x0000000089300000| Complete 
| 148|0x0000000089400000, 0x0000000089400000, 0x0000000089500000|  0%| F|  |TAMS 0x0000000089400000, 0x0000000089400000| Untracked 
| 149|0x0000000089500000, 0x0000000089500000, 0x0000000089600000|  0%| F|  |TAMS 0x0000000089500000, 0x0000000089500000| Untracked 
| 150|0x0000000089600000, 0x0000000089600000, 0x0000000089700000|  0%| F|  |TAMS 0x0000000089600000, 0x0000000089600000| Untracked 
| 151|0x0000000089700000, 0x0000000089700000, 0x0000000089800000|  0%| F|  |TAMS 0x0000000089700000, 0x0000000089700000| Untracked 
| 152|0x0000000089800000, 0x0000000089800000, 0x0000000089900000|  0%| F|  |TAMS 0x0000000089800000, 0x0000000089800000| Untracked 
| 153|0x0000000089900000, 0x0000000089900000, 0x0000000089a00000|  0%| F|  |TAMS 0x0000000089900000, 0x0000000089900000| Untracked 
| 154|0x0000000089a00000, 0x0000000089a00000, 0x0000000089b00000|  0%| F|  |TAMS 0x0000000089a00000, 0x0000000089a00000| Untracked 
| 155|0x0000000089b00000, 0x0000000089b00000, 0x0000000089c00000|  0%| F|  |TAMS 0x0000000089b00000, 0x0000000089b00000| Untracked 
| 156|0x0000000089c00000, 0x0000000089c00000, 0x0000000089d00000|  0%| F|  |TAMS 0x0000000089c00000, 0x0000000089c00000| Untracked 
| 157|0x0000000089d00000, 0x0000000089e00000, 0x0000000089e00000|100%| S|CS|TAMS 0x0000000089d00000, 0x0000000089d00000| Complete 
| 158|0x0000000089e00000, 0x0000000089f00000, 0x0000000089f00000|100%| S|CS|TAMS 0x0000000089e00000, 0x0000000089e00000| Complete 
| 159|0x0000000089f00000, 0x000000008a000000, 0x000000008a000000|100%| S|CS|TAMS 0x0000000089f00000, 0x0000000089f00000| Complete 
| 160|0x000000008a000000, 0x000000008a100000, 0x000000008a100000|100%| S|CS|TAMS 0x000000008a000000, 0x000000008a000000| Complete 
| 161|0x000000008a100000, 0x000000008a100000, 0x000000008a200000|  0%| F|  |TAMS 0x000000008a100000, 0x000000008a100000| Untracked 
| 162|0x000000008a200000, 0x000000008a200000, 0x000000008a300000|  0%| F|  |TAMS 0x000000008a200000, 0x000000008a200000| Untracked 
| 163|0x000000008a300000, 0x000000008a300000, 0x000000008a400000|  0%| F|  |TAMS 0x000000008a300000, 0x000000008a300000| Untracked 
| 164|0x000000008a400000, 0x000000008a400000, 0x000000008a500000|  0%| F|  |TAMS 0x000000008a400000, 0x000000008a400000| Untracked 
| 165|0x000000008a500000, 0x000000008a500000, 0x000000008a600000|  0%| F|  |TAMS 0x000000008a500000, 0x000000008a500000| Untracked 
| 166|0x000000008a600000, 0x000000008a600000, 0x000000008a700000|  0%| F|  |TAMS 0x000000008a600000, 0x000000008a600000| Untracked 
| 167|0x000000008a700000, 0x000000008a700000, 0x000000008a800000|  0%| F|  |TAMS 0x000000008a700000, 0x000000008a700000| Untracked 
| 168|0x000000008a800000, 0x000000008a800000, 0x000000008a900000|  0%| F|  |TAMS 0x000000008a800000, 0x000000008a800000| Untracked 
| 169|0x000000008a900000, 0x000000008a900000, 0x000000008aa00000|  0%| F|  |TAMS 0x000000008a900000, 0x000000008a900000| Untracked 
| 170|0x000000008aa00000, 0x000000008aa00000, 0x000000008ab00000|  0%| F|  |TAMS 0x000000008aa00000, 0x000000008aa00000| Untracked 
| 171|0x000000008ab00000, 0x000000008ab00000, 0x000000008ac00000|  0%| F|  |TAMS 0x000000008ab00000, 0x000000008ab00000| Untracked 
| 172|0x000000008ac00000, 0x000000008ac00000, 0x000000008ad00000|  0%| F|  |TAMS 0x000000008ac00000, 0x000000008ac00000| Untracked 
| 173|0x000000008ad00000, 0x000000008ad00000, 0x000000008ae00000|  0%| F|  |TAMS 0x000000008ad00000, 0x000000008ad00000| Untracked 
| 174|0x000000008ae00000, 0x000000008ae00000, 0x000000008af00000|  0%| F|  |TAMS 0x000000008ae00000, 0x000000008ae00000| Untracked 
| 175|0x000000008af00000, 0x000000008af00000, 0x000000008b000000|  0%| F|  |TAMS 0x000000008af00000, 0x000000008af00000| Untracked 
| 176|0x000000008b000000, 0x000000008b000000, 0x000000008b100000|  0%| F|  |TAMS 0x000000008b000000, 0x000000008b000000| Untracked 
| 177|0x000000008b100000, 0x000000008b100000, 0x000000008b200000|  0%| F|  |TAMS 0x000000008b100000, 0x000000008b100000| Untracked 
| 178|0x000000008b200000, 0x000000008b200000, 0x000000008b300000|  0%| F|  |TAMS 0x000000008b200000, 0x000000008b200000| Untracked 
| 179|0x000000008b300000, 0x000000008b300000, 0x000000008b400000|  0%| F|  |TAMS 0x000000008b300000, 0x000000008b300000| Untracked 
| 180|0x000000008b400000, 0x000000008b400000, 0x000000008b500000|  0%| F|  |TAMS 0x000000008b400000, 0x000000008b400000| Untracked 
| 181|0x000000008b500000, 0x000000008b500000, 0x000000008b600000|  0%| F|  |TAMS 0x000000008b500000, 0x000000008b500000| Untracked 
| 182|0x000000008b600000, 0x000000008b600000, 0x000000008b700000|  0%| F|  |TAMS 0x000000008b600000, 0x000000008b600000| Untracked 
| 183|0x000000008b700000, 0x000000008b700000, 0x000000008b800000|  0%| F|  |TAMS 0x000000008b700000, 0x000000008b700000| Untracked 
| 184|0x000000008b800000, 0x000000008b800000, 0x000000008b900000|  0%| F|  |TAMS 0x000000008b800000, 0x000000008b800000| Untracked 
| 185|0x000000008b900000, 0x000000008b900000, 0x000000008ba00000|  0%| F|  |TAMS 0x000000008b900000, 0x000000008b900000| Untracked 
| 186|0x000000008ba00000, 0x000000008ba00000, 0x000000008bb00000|  0%| F|  |TAMS 0x000000008ba00000, 0x000000008ba00000| Untracked 
| 187|0x000000008bb00000, 0x000000008bb00000, 0x000000008bc00000|  0%| F|  |TAMS 0x000000008bb00000, 0x000000008bb00000| Untracked 
| 188|0x000000008bc00000, 0x000000008bc00000, 0x000000008bd00000|  0%| F|  |TAMS 0x000000008bc00000, 0x000000008bc00000| Untracked 
| 189|0x000000008bd00000, 0x000000008bd00000, 0x000000008be00000|  0%| F|  |TAMS 0x000000008bd00000, 0x000000008bd00000| Untracked 
| 190|0x000000008be00000, 0x000000008be00000, 0x000000008bf00000|  0%| F|  |TAMS 0x000000008be00000, 0x000000008be00000| Untracked 
| 191|0x000000008bf00000, 0x000000008bf00000, 0x000000008c000000|  0%| F|  |TAMS 0x000000008bf00000, 0x000000008bf00000| Untracked 
| 192|0x000000008c000000, 0x000000008c000000, 0x000000008c100000|  0%| F|  |TAMS 0x000000008c000000, 0x000000008c000000| Untracked 
| 193|0x000000008c100000, 0x000000008c158020, 0x000000008c200000| 34%| E|  |TAMS 0x000000008c100000, 0x000000008c100000| Complete 
| 194|0x000000008c200000, 0x000000008c300000, 0x000000008c300000|100%| E|CS|TAMS 0x000000008c200000, 0x000000008c200000| Complete 
| 195|0x000000008c300000, 0x000000008c400000, 0x000000008c400000|100%| E|  |TAMS 0x000000008c300000, 0x000000008c300000| Complete 
| 196|0x000000008c400000, 0x000000008c500000, 0x000000008c500000|100%| E|CS|TAMS 0x000000008c400000, 0x000000008c400000| Complete 
| 197|0x000000008c500000, 0x000000008c600000, 0x000000008c600000|100%| E|CS|TAMS 0x000000008c500000, 0x000000008c500000| Complete 
| 198|0x000000008c600000, 0x000000008c700000, 0x000000008c700000|100%| E|CS|TAMS 0x000000008c600000, 0x000000008c600000| Complete 
| 199|0x000000008c700000, 0x000000008c800000, 0x000000008c800000|100%| E|CS|TAMS 0x000000008c700000, 0x000000008c700000| Complete 
| 200|0x000000008c800000, 0x000000008c900000, 0x000000008c900000|100%| E|CS|TAMS 0x000000008c800000, 0x000000008c800000| Complete 
| 201|0x000000008c900000, 0x000000008ca00000, 0x000000008ca00000|100%| E|CS|TAMS 0x000000008c900000, 0x000000008c900000| Complete 
| 202|0x000000008ca00000, 0x000000008cb00000, 0x000000008cb00000|100%| E|CS|TAMS 0x000000008ca00000, 0x000000008ca00000| Complete 
| 203|0x000000008cb00000, 0x000000008cc00000, 0x000000008cc00000|100%| E|CS|TAMS 0x000000008cb00000, 0x000000008cb00000| Complete 
| 204|0x000000008cc00000, 0x000000008cd00000, 0x000000008cd00000|100%| E|CS|TAMS 0x000000008cc00000, 0x000000008cc00000| Complete 
| 205|0x000000008cd00000, 0x000000008ce00000, 0x000000008ce00000|100%| E|CS|TAMS 0x000000008cd00000, 0x000000008cd00000| Complete 
| 206|0x000000008ce00000, 0x000000008cf00000, 0x000000008cf00000|100%| E|CS|TAMS 0x000000008ce00000, 0x000000008ce00000| Complete 
| 207|0x000000008cf00000, 0x000000008d000000, 0x000000008d000000|100%| E|CS|TAMS 0x000000008cf00000, 0x000000008cf00000| Complete 
| 208|0x000000008d000000, 0x000000008d100000, 0x000000008d100000|100%| E|CS|TAMS 0x000000008d000000, 0x000000008d000000| Complete 
| 209|0x000000008d100000, 0x000000008d200000, 0x000000008d200000|100%| E|CS|TAMS 0x000000008d100000, 0x000000008d100000| Complete 
| 210|0x000000008d200000, 0x000000008d300000, 0x000000008d300000|100%| E|CS|TAMS 0x000000008d200000, 0x000000008d200000| Complete 
| 211|0x000000008d300000, 0x000000008d400000, 0x000000008d400000|100%| E|CS|TAMS 0x000000008d300000, 0x000000008d300000| Complete 
| 212|0x000000008d400000, 0x000000008d500000, 0x000000008d500000|100%| E|CS|TAMS 0x000000008d400000, 0x000000008d400000| Complete 
| 213|0x000000008d500000, 0x000000008d600000, 0x000000008d600000|100%| E|CS|TAMS 0x000000008d500000, 0x000000008d500000| Complete 
| 214|0x000000008d600000, 0x000000008d700000, 0x000000008d700000|100%| E|CS|TAMS 0x000000008d600000, 0x000000008d600000| Complete 
| 215|0x000000008d700000, 0x000000008d800000, 0x000000008d800000|100%| E|CS|TAMS 0x000000008d700000, 0x000000008d700000| Complete 
| 216|0x000000008d800000, 0x000000008d900000, 0x000000008d900000|100%| E|CS|TAMS 0x000000008d800000, 0x000000008d800000| Complete 
| 217|0x000000008d900000, 0x000000008da00000, 0x000000008da00000|100%| E|CS|TAMS 0x000000008d900000, 0x000000008d900000| Complete 
| 218|0x000000008da00000, 0x000000008db00000, 0x000000008db00000|100%| E|CS|TAMS 0x000000008da00000, 0x000000008da00000| Complete 
| 219|0x000000008db00000, 0x000000008dc00000, 0x000000008dc00000|100%| E|CS|TAMS 0x000000008db00000, 0x000000008db00000| Complete 
| 220|0x000000008dc00000, 0x000000008dd00000, 0x000000008dd00000|100%| E|CS|TAMS 0x000000008dc00000, 0x000000008dc00000| Complete 
| 221|0x000000008dd00000, 0x000000008de00000, 0x000000008de00000|100%| E|CS|TAMS 0x000000008dd00000, 0x000000008dd00000| Complete 
| 222|0x000000008de00000, 0x000000008df00000, 0x000000008df00000|100%| E|CS|TAMS 0x000000008de00000, 0x000000008de00000| Complete 
| 223|0x000000008df00000, 0x000000008e000000, 0x000000008e000000|100%| E|CS|TAMS 0x000000008df00000, 0x000000008df00000| Complete 

Card table byte_map: [0x0000021974ae0000,0x0000021974ee0000] _byte_map_base: 0x00000219746e0000

Marking Bits (Prev, Next): (CMBitMap*) 0x000002195f9bf8e0, (CMBitMap*) 0x000002195f9bf8a8
 Prev Bits: [0x00000219772e0000, 0x00000219792e0000)
 Next Bits: [0x00000219752e0000, 0x00000219772e0000)

Polling page: 0x000002195fa60000

Metaspace:

Usage:
  Non-class:     92.11 MB capacity,    90.57 MB ( 98%) used,     1.25 MB (  1%) free+waste,   293.44 KB ( <1%) overhead. 
      Class:     13.93 MB capacity,    13.02 MB ( 93%) used,   802.36 KB (  6%) free+waste,   130.13 KB ( <1%) overhead. 
       Both:    106.04 MB capacity,   103.60 MB ( 98%) used,     2.04 MB (  2%) free+waste,   423.56 KB ( <1%) overhead. 

Virtual space:
  Non-class space:       94.00 MB reserved,      92.13 MB ( 98%) committed 
      Class space:        1.00 GB reserved,      13.95 MB (  1%) committed 
             Both:        1.09 GB reserved,     106.07 MB (  9%) committed 

Chunk freelists:
   Non-Class:  14.00 KB
       Class:  4.00 KB
        Both:  18.00 KB

MaxMetaspaceSize: 17179869184.00 GB
CompressedClassSpaceSize: 1.00 GB
Initial GC threshold: 20.80 MB
Current GC threshold: 154.92 MB
CDS: off

CodeHeap 'non-profiled nmethods': size=120000Kb used=6412Kb max_used=6412Kb free=113587Kb
 bounds [0x000002196c740000, 0x000002196cd90000, 0x0000021973c70000]
CodeHeap 'profiled nmethods': size=120000Kb used=26414Kb max_used=26414Kb free=93585Kb
 bounds [0x0000021965210000, 0x0000021966be0000, 0x000002196c740000]
CodeHeap 'non-nmethods': size=5760Kb used=2410Kb max_used=2450Kb free=3349Kb
 bounds [0x0000021964c70000, 0x0000021964ee0000, 0x0000021965210000]
 total_blobs=14218 nmethods=13285 adapters=845
 compilation: enabled
              stopped_count=0, restarted_count=0
 full_count=0

Compilation events (20 events):
Event: 21.634 Thread 0x000002197bdee800 13468       2       com.sun.tools.javac.code.Types::isSameType (16 bytes)
Event: 21.634 Thread 0x000002197bdee800 nmethod 13468 0x0000021966bb2f90 code [0x0000021966bb3140, 0x0000021966bb32a8]
Event: 21.634 Thread 0x000002197bdee800 13469       2       com.sun.tools.javac.code.Types$5::visitClassType (10 bytes)
Event: 21.634 Thread 0x000002197bdee800 nmethod 13469 0x0000021966bb3390 code [0x0000021966bb3540, 0x0000021966bb3688]
Event: 21.634 Thread 0x000002197bdee800 13470       2       com.sun.tools.javac.code.Types$5::visitClassType (387 bytes)
Event: 21.636 Thread 0x000002197bdee800 nmethod 13470 0x0000021966bb3790 code [0x0000021966bb3be0, 0x0000021966bb4e88]
Event: 21.636 Thread 0x000002197bdee800 13473       2       java.util.LinkedHashSet::<init> (10 bytes)
Event: 21.636 Thread 0x000002197bdee800 nmethod 13473 0x0000021966bb5a10 code [0x0000021966bb5c00, 0x0000021966bb5e08]
Event: 21.636 Thread 0x000002197bdee800 13471       2       com.sun.tools.javac.code.Type$ClassType::isParameterized (16 bytes)
Event: 21.636 Thread 0x000002197bdee800 nmethod 13471 0x0000021966bb5f10 code [0x0000021966bb60c0, 0x0000021966bb6208]
Event: 21.636 Thread 0x000002197bdee800 13474       2       com.sun.tools.javac.code.Types::asSuper (35 bytes)
Event: 21.636 Thread 0x000002197bdee800 nmethod 13474 0x0000021966bb6310 code [0x0000021966bb64e0, 0x0000021966bb6688]
Event: 21.636 Thread 0x000002197bdee800 13475       2       com.sun.tools.javac.code.Types$12::visitClassType (10 bytes)
Event: 21.636 Thread 0x000002197bdee800 nmethod 13475 0x0000021966bb6790 code [0x0000021966bb6940, 0x0000021966bb6a88]
Event: 21.636 Thread 0x000002197bdee800 13472       2       com.sun.tools.javac.comp.Check::checkType (168 bytes)
Event: 21.637 Thread 0x000002197bdee800 nmethod 13472 0x0000021966bb6b90 code [0x0000021966bb6f20, 0x0000021966bb82b8]
Event: 21.637 Thread 0x000002197bdee800 13476       2       com.sun.tools.javac.code.Kinds$Kind::isResolutionError (26 bytes)
Event: 21.638 Thread 0x000002197bdee800 nmethod 13476 0x0000021966bb8b10 code [0x0000021966bb8cc0, 0x0000021966bb8df8]
Event: 21.638 Thread 0x000002197bdee800 13477       1       com.sun.tools.javac.comp.Resolve$MethodResolutionPhase::isVarargsRequired (5 bytes)
Event: 21.638 Thread 0x000002197bdee800 nmethod 13477 0x000002196cd81290 code [0x000002196cd81440, 0x000002196cd814f8]

GC Heap History (20 events):
Event: 15.070 GC heap before
{Heap before GC invocations=26 (full 0):
 garbage-first heap   total 155648K, used 137207K [0x0000000080000000, 0x0000000100000000)
  region size 1024K, 24 young (24576K), 4 survivors (4096K)
 Metaspace       used 88115K, capacity 90287K, committed 90828K, reserved 1128448K
  class space    used 11361K, capacity 12170K, committed 12364K, reserved 1048576K
}
Event: 15.075 GC heap after
{Heap after GC invocations=27 (full 0):
 garbage-first heap   total 155648K, used 101688K [0x0000000080000000, 0x0000000100000000)
  region size 1024K, 2 young (2048K), 2 survivors (2048K)
 Metaspace       used 88115K, capacity 90287K, committed 90828K, reserved 1128448K
  class space    used 11361K, capacity 12170K, committed 12364K, reserved 1048576K
}
Event: 15.254 GC heap before
{Heap before GC invocations=27 (full 0):
 garbage-first heap   total 155648K, used 121144K [0x0000000080000000, 0x0000000100000000)
  region size 1024K, 22 young (22528K), 2 survivors (2048K)
 Metaspace       used 89323K, capacity 91465K, committed 91852K, reserved 1128448K
  class space    used 11462K, capacity 12270K, committed 12364K, reserved 1048576K
}
Event: 15.261 GC heap after
{Heap after GC invocations=28 (full 0):
 garbage-first heap   total 155648K, used 103519K [0x0000000080000000, 0x0000000100000000)
  region size 1024K, 3 young (3072K), 3 survivors (3072K)
 Metaspace       used 89323K, capacity 91465K, committed 91852K, reserved 1128448K
  class space    used 11462K, capacity 12270K, committed 12364K, reserved 1048576K
}
Event: 15.515 GC heap before
{Heap before GC invocations=29 (full 0):
 garbage-first heap   total 155648K, used 122975K [0x0000000080000000, 0x0000000100000000)
  region size 1024K, 23 young (23552K), 3 survivors (3072K)
 Metaspace       used 89660K, capacity 91855K, committed 92108K, reserved 1128448K
  class space    used 11478K, capacity 12270K, committed 12364K, reserved 1048576K
}
Event: 15.522 GC heap after
{Heap after GC invocations=30 (full 0):
 garbage-first heap   total 190464K, used 106806K [0x0000000080000000, 0x0000000100000000)
  region size 1024K, 3 young (3072K), 3 survivors (3072K)
 Metaspace       used 89660K, capacity 91855K, committed 92108K, reserved 1128448K
  class space    used 11478K, capacity 12270K, committed 12364K, reserved 1048576K
}
Event: 15.569 GC heap before
{Heap before GC invocations=30 (full 0):
 garbage-first heap   total 190464K, used 111926K [0x0000000080000000, 0x0000000100000000)
  region size 1024K, 9 young (9216K), 3 survivors (3072K)
 Metaspace       used 89724K, capacity 91858K, committed 92108K, reserved 1128448K
  class space    used 11480K, capacity 12270K, committed 12364K, reserved 1048576K
}
Event: 15.575 GC heap after
{Heap after GC invocations=31 (full 0):
 garbage-first heap   total 190464K, used 95757K [0x0000000080000000, 0x0000000100000000)
  region size 1024K, 2 young (2048K), 2 survivors (2048K)
 Metaspace       used 89724K, capacity 91858K, committed 92108K, reserved 1128448K
  class space    used 11480K, capacity 12270K, committed 12364K, reserved 1048576K
}
Event: 15.843 GC heap before
{Heap before GC invocations=31 (full 0):
 garbage-first heap   total 190464K, used 129549K [0x0000000080000000, 0x0000000100000000)
  region size 1024K, 36 young (36864K), 2 survivors (2048K)
 Metaspace       used 92004K, capacity 94119K, committed 94412K, reserved 1130496K
  class space    used 11658K, capacity 12435K, committed 12620K, reserved 1048576K
}
Event: 15.848 GC heap after
{Heap after GC invocations=32 (full 0):
 garbage-first heap   total 190464K, used 98530K [0x0000000080000000, 0x0000000100000000)
  region size 1024K, 4 young (4096K), 4 survivors (4096K)
 Metaspace       used 92004K, capacity 94119K, committed 94412K, reserved 1130496K
  class space    used 11658K, capacity 12435K, committed 12620K, reserved 1048576K
}
Event: 16.086 GC heap before
{Heap before GC invocations=33 (full 0):
 garbage-first heap   total 190464K, used 128225K [0x0000000080000000, 0x0000000100000000)
  region size 1024K, 40 young (40960K), 4 survivors (4096K)
 Metaspace       used 92845K, capacity 95042K, committed 95436K, reserved 1132544K
  class space    used 11717K, capacity 12503K, committed 12620K, reserved 1048576K
}
Event: 16.093 GC heap after
{Heap after GC invocations=34 (full 0):
 garbage-first heap   total 190464K, used 92561K [0x0000000080000000, 0x0000000100000000)
  region size 1024K, 2 young (2048K), 2 survivors (2048K)
 Metaspace       used 92845K, capacity 95042K, committed 95436K, reserved 1132544K
  class space    used 11717K, capacity 12503K, committed 12620K, reserved 1048576K
}
Event: 16.125 GC heap before
{Heap before GC invocations=34 (full 0):
 garbage-first heap   total 190464K, used 98705K [0x0000000080000000, 0x0000000100000000)
  region size 1024K, 9 young (9216K), 2 survivors (2048K)
 Metaspace       used 92865K, capacity 95046K, committed 95436K, reserved 1132544K
  class space    used 11718K, capacity 12504K, committed 12620K, reserved 1048576K
}
Event: 16.128 GC heap after
{Heap after GC invocations=35 (full 0):
 garbage-first heap   total 229376K, used 89632K [0x0000000080000000, 0x0000000100000000)
  region size 1024K, 1 young (1024K), 1 survivors (1024K)
 Metaspace       used 92865K, capacity 95046K, committed 95436K, reserved 1132544K
  class space    used 11718K, capacity 12504K, committed 12620K, reserved 1048576K
}
Event: 16.664 GC heap before
{Heap before GC invocations=35 (full 0):
 garbage-first heap   total 229376K, used 149024K [0x0000000080000000, 0x0000000100000000)
  region size 1024K, 60 young (61440K), 1 survivors (1024K)
 Metaspace       used 95305K, capacity 97544K, committed 97868K, reserved 1134592K
  class space    used 12027K, capacity 12842K, committed 13004K, reserved 1048576K
}
Event: 16.667 GC heap after
{Heap after GC invocations=36 (full 0):
 garbage-first heap   total 229376K, used 92663K [0x0000000080000000, 0x0000000100000000)
  region size 1024K, 4 young (4096K), 4 survivors (4096K)
 Metaspace       used 95305K, capacity 97544K, committed 97868K, reserved 1134592K
  class space    used 12027K, capacity 12842K, committed 13004K, reserved 1048576K
}
Event: 19.633 GC heap before
{Heap before GC invocations=36 (full 0):
 garbage-first heap   total 229376K, used 156151K [0x0000000080000000, 0x0000000100000000)
  region size 1024K, 67 young (68608K), 4 survivors (4096K)
 Metaspace       used 97753K, capacity 100019K, committed 100172K, reserved 1136640K
  class space    used 12292K, capacity 13115K, committed 13260K, reserved 1048576K
}
Event: 19.686 GC heap after
{Heap after GC invocations=37 (full 0):
 garbage-first heap   total 229376K, used 100157K [0x0000000080000000, 0x0000000100000000)
  region size 1024K, 9 young (9216K), 9 survivors (9216K)
 Metaspace       used 97753K, capacity 100019K, committed 100172K, reserved 1136640K
  class space    used 12292K, capacity 13115K, committed 13260K, reserved 1048576K
}
Event: 21.039 GC heap before
{Heap before GC invocations=37 (full 0):
 garbage-first heap   total 229376K, used 165693K [0x0000000080000000, 0x0000000100000000)
  region size 1024K, 72 young (73728K), 9 survivors (9216K)
 Metaspace       used 104548K, capacity 106989K, committed 107212K, reserved 1142784K
  class space    used 13169K, capacity 14076K, committed 14156K, reserved 1048576K
}
Event: 21.059 GC heap after
{Heap after GC invocations=38 (full 0):
 garbage-first heap   total 229376K, used 108974K [0x0000000080000000, 0x0000000100000000)
  region size 1024K, 8 young (8192K), 8 survivors (8192K)
 Metaspace       used 104548K, capacity 106989K, committed 107212K, reserved 1142784K
  class space    used 13169K, capacity 14076K, committed 14156K, reserved 1048576K
}

Deoptimization events (20 events):
Event: 21.449 Thread 0x000002197ce08800 DEOPT PACKING pc=0x000002196cd61370 sp=0x000000f23aaf9160
Event: 21.449 Thread 0x000002197ce08800 DEOPT UNPACKING pc=0x0000021964cba1af sp=0x000000f23aaf9120 mode 2
Event: 21.449 Thread 0x000002197ce08800 Uncommon trap: trap_request=0xffffffde fr.pc=0x000002196cd61370 relative=0x00000000000009d0
Event: 21.449 Thread 0x000002197ce08800 Uncommon trap: reason=class_check action=maybe_recompile pc=0x000002196cd61370 method=jdk.nio.zipfs.JarFileSystem.getInode([B)Ljdk/nio/zipfs/ZipFileSystem$IndexNode; @ 6 c2
Event: 21.449 Thread 0x000002197ce08800 DEOPT PACKING pc=0x000002196cd61370 sp=0x000000f23aaf9020
Event: 21.449 Thread 0x000002197ce08800 DEOPT UNPACKING pc=0x0000021964cba1af sp=0x000000f23aaf8fe0 mode 2
Event: 21.449 Thread 0x000002197ce08800 Uncommon trap: trap_request=0xffffffde fr.pc=0x000002196cd61370 relative=0x00000000000009d0
Event: 21.449 Thread 0x000002197ce08800 Uncommon trap: reason=class_check action=maybe_recompile pc=0x000002196cd61370 method=jdk.nio.zipfs.JarFileSystem.getInode([B)Ljdk/nio/zipfs/ZipFileSystem$IndexNode; @ 6 c2
Event: 21.449 Thread 0x000002197ce08800 DEOPT PACKING pc=0x000002196cd61370 sp=0x000000f23aaf8fd0
Event: 21.449 Thread 0x000002197ce08800 DEOPT UNPACKING pc=0x0000021964cba1af sp=0x000000f23aaf8f90 mode 2
Event: 21.480 Thread 0x000002197ce08800 Uncommon trap: trap_request=0xffffff4d fr.pc=0x000002196cc4c370 relative=0x0000000000000c50
Event: 21.480 Thread 0x000002197ce08800 Uncommon trap: reason=unstable_if action=reinterpret pc=0x000002196cc4c370 method=sun.nio.fs.WindowsPathParser.normalize(Ljava/lang/StringBuilder;Ljava/lang/String;I)Ljava/lang/String; @ 100 c2
Event: 21.480 Thread 0x000002197ce08800 DEOPT PACKING pc=0x000002196cc4c370 sp=0x000000f23aaf8fa0
Event: 21.480 Thread 0x000002197ce08800 DEOPT UNPACKING pc=0x0000021964cba1af sp=0x000000f23aaf8f70 mode 2
Event: 21.543 Thread 0x000002197ce08800 DEOPT PACKING pc=0x0000021966b4a8f4 sp=0x000000f23aaf87a0
Event: 21.543 Thread 0x000002197ce08800 DEOPT UNPACKING pc=0x0000021964cba95e sp=0x000000f23aaf7d20 mode 0
Event: 21.605 Thread 0x000002197ce08800 Uncommon trap: trap_request=0xffffff4d fr.pc=0x000002196c7bf95c relative=0x000000000000159c
Event: 21.605 Thread 0x000002197ce08800 Uncommon trap: reason=unstable_if action=reinterpret pc=0x000002196c7bf95c method=sun.nio.fs.WindowsPathParser.normalize(Ljava/lang/StringBuilder;Ljava/lang/String;I)Ljava/lang/String; @ 100 c2
Event: 21.605 Thread 0x000002197ce08800 DEOPT PACKING pc=0x000002196c7bf95c sp=0x000000f23aaf8cb0
Event: 21.605 Thread 0x000002197ce08800 DEOPT UNPACKING pc=0x0000021964cba1af sp=0x000000f23aaf8cc0 mode 2

Classes redefined (0 events):
No events

Internal exceptions (20 events):
Event: 21.578 Thread 0x000002197ce08800 Exception <a 'sun/nio/fs/WindowsException'{0x000000008c980218}> (0x000000008c980218) thrown at [./src/hotspot/share/prims/jni.cpp, line 615]
Event: 21.579 Thread 0x000002197ce08800 Exception <a 'sun/nio/fs/WindowsException'{0x000000008c980370}> (0x000000008c980370) thrown at [./src/hotspot/share/prims/jni.cpp, line 615]
Event: 21.583 Thread 0x000002197ce08800 Exception <a 'sun/nio/fs/WindowsException'{0x000000008c9dab50}> (0x000000008c9dab50) thrown at [./src/hotspot/share/prims/jni.cpp, line 615]
Event: 21.583 Thread 0x000002197ce08800 Exception <a 'sun/nio/fs/WindowsException'{0x000000008c9dac98}> (0x000000008c9dac98) thrown at [./src/hotspot/share/prims/jni.cpp, line 615]
Event: 21.586 Thread 0x000002197ce08800 Exception <a 'sun/nio/fs/WindowsException'{0x000000008c705158}> (0x000000008c705158) thrown at [./src/hotspot/share/prims/jni.cpp, line 615]
Event: 21.586 Thread 0x000002197ce08800 Exception <a 'sun/nio/fs/WindowsException'{0x000000008c705298}> (0x000000008c705298) thrown at [./src/hotspot/share/prims/jni.cpp, line 615]
Event: 21.595 Thread 0x000002197ce08800 Exception <a 'sun/nio/fs/WindowsException'{0x000000008c7d7bd0}> (0x000000008c7d7bd0) thrown at [./src/hotspot/share/prims/jni.cpp, line 615]
Event: 21.595 Thread 0x000002197ce08800 Exception <a 'sun/nio/fs/WindowsException'{0x000000008c7d7d20}> (0x000000008c7d7d20) thrown at [./src/hotspot/share/prims/jni.cpp, line 615]
Event: 21.598 Thread 0x000002197ce08800 Exception <a 'sun/nio/fs/WindowsException'{0x000000008c60d5e8}> (0x000000008c60d5e8) thrown at [./src/hotspot/share/prims/jni.cpp, line 615]
Event: 21.598 Thread 0x000002197ce08800 Exception <a 'sun/nio/fs/WindowsException'{0x000000008c60d738}> (0x000000008c60d738) thrown at [./src/hotspot/share/prims/jni.cpp, line 615]
Event: 21.599 Thread 0x000002197ce08800 Exception <a 'sun/nio/fs/WindowsException'{0x000000008c63c980}> (0x000000008c63c980) thrown at [./src/hotspot/share/prims/jni.cpp, line 615]
Event: 21.599 Thread 0x000002197ce08800 Exception <a 'sun/nio/fs/WindowsException'{0x000000008c63cac8}> (0x000000008c63cac8) thrown at [./src/hotspot/share/prims/jni.cpp, line 615]
Event: 21.601 Thread 0x000002197ce08800 Exception <a 'sun/nio/fs/WindowsException'{0x000000008c68ba78}> (0x000000008c68ba78) thrown at [./src/hotspot/share/prims/jni.cpp, line 615]
Event: 21.601 Thread 0x000002197ce08800 Exception <a 'sun/nio/fs/WindowsException'{0x000000008c68bba8}> (0x000000008c68bba8) thrown at [./src/hotspot/share/prims/jni.cpp, line 615]
Event: 21.604 Thread 0x000002197ce08800 Exception <a 'sun/nio/fs/WindowsException'{0x000000008c6f9540}> (0x000000008c6f9540) thrown at [./src/hotspot/share/prims/jni.cpp, line 615]
Event: 21.604 Thread 0x000002197ce08800 Exception <a 'sun/nio/fs/WindowsException'{0x000000008c6f9688}> (0x000000008c6f9688) thrown at [./src/hotspot/share/prims/jni.cpp, line 615]
Event: 21.605 Thread 0x000002197ce08800 Exception <a 'sun/nio/fs/WindowsException'{0x000000008c5160e8}> (0x000000008c5160e8) thrown at [./src/hotspot/share/prims/jni.cpp, line 615]
Event: 21.605 Thread 0x000002197ce08800 Exception <a 'sun/nio/fs/WindowsException'{0x000000008c516220}> (0x000000008c516220) thrown at [./src/hotspot/share/prims/jni.cpp, line 615]
Event: 21.612 Thread 0x000002197ce08800 Exception <a 'sun/nio/fs/WindowsException'{0x000000008c5c8af0}> (0x000000008c5c8af0) thrown at [./src/hotspot/share/prims/jni.cpp, line 615]
Event: 21.613 Thread 0x000002197ce08800 Exception <a 'sun/nio/fs/WindowsException'{0x000000008c5c8c28}> (0x000000008c5c8c28) thrown at [./src/hotspot/share/prims/jni.cpp, line 615]

Events (20 events):
Event: 21.630 loading class com/sun/tools/javac/comp/ArgumentAttr
Event: 21.630 loading class com/sun/tools/javac/comp/ArgumentAttr done
Event: 21.630 loading class com/sun/tools/javac/tree/JCTree$JCExpression
Event: 21.630 loading class com/sun/tools/javac/tree/JCTree$JCExpression done
Event: 21.630 loading class com/sun/tools/javac/comp/ArgumentAttr$ArgumentType
Event: 21.630 loading class com/sun/tools/javac/comp/ArgumentAttr$ArgumentType done
Event: 21.630 loading class com/sun/tools/javac/comp/ArgumentAttr
Event: 21.630 loading class com/sun/tools/javac/comp/ArgumentAttr done
Event: 21.631 loading class com/sun/tools/javac/tree/JCTree
Event: 21.631 loading class com/sun/tools/javac/tree/JCTree done
Event: 21.631 loading class com/sun/tools/javac/tree/JCTree
Event: 21.631 loading class com/sun/tools/javac/tree/JCTree done
Event: 21.631 loading class com/sun/tools/javac/comp/DeferredAttr
Event: 21.631 loading class com/sun/tools/javac/comp/DeferredAttr done
Event: 21.631 loading class com/sun/tools/javac/code/DeferredCompletionFailureHandler$FlipSymbolDescription
Event: 21.631 loading class com/sun/tools/javac/code/DeferredCompletionFailureHandler$FlipSymbolDescription done
Event: 21.631 loading class com/sun/tools/javac/code/DeferredCompletionFailureHandler$FlipSymbolDescription
Event: 21.631 loading class com/sun/tools/javac/code/DeferredCompletionFailureHandler$FlipSymbolDescription done
Event: 21.633 loading class com/sun/tools/javac/tree/JCTree
Event: 21.633 loading class com/sun/tools/javac/tree/JCTree done


Dynamic libraries:
0x00007ff73b250000 - 0x00007ff73b25a000 	C:\Program Files\Android\Android Studio\jre\bin\java.exe
0x00007ff837250000 - 0x00007ff837448000 	C:\WINDOWS\SYSTEM32\ntdll.dll
0x00007ff835d30000 - 0x00007ff835def000 	C:\WINDOWS\System32\KERNEL32.DLL
0x00007ff834ca0000 - 0x00007ff834f72000 	C:\WINDOWS\System32\KERNELBASE.dll
0x00007ff834a40000 - 0x00007ff834b40000 	C:\WINDOWS\System32\ucrtbase.dll
0x00007ff81b200000 - 0x00007ff81b219000 	C:\Program Files\Android\Android Studio\jre\bin\jli.dll
0x00007ff81b330000 - 0x00007ff81b347000 	C:\Program Files\Android\Android Studio\jre\bin\VCRUNTIME140.dll
0x00007ff836270000 - 0x00007ff836411000 	C:\WINDOWS\System32\USER32.dll
0x00007ff8351f0000 - 0x00007ff835212000 	C:\WINDOWS\System32\win32u.dll
0x00007ff820890000 - 0x00007ff820b2a000 	C:\WINDOWS\WinSxS\amd64_microsoft.windows.common-controls_6595b64144ccf1df_6.0.19041.1110_none_60b5254171f9507e\COMCTL32.dll
0x00007ff8357a0000 - 0x00007ff8357cb000 	C:\WINDOWS\System32\GDI32.dll
0x00007ff835f80000 - 0x00007ff83601e000 	C:\WINDOWS\System32\msvcrt.dll
0x00007ff834f80000 - 0x00007ff83508f000 	C:\WINDOWS\System32\gdi32full.dll
0x00007ff834b40000 - 0x00007ff834bdd000 	C:\WINDOWS\System32\msvcp_win.dll
0x00007ff835880000 - 0x00007ff8358b2000 	C:\WINDOWS\System32\IMM32.DLL
0x00007ff80ad10000 - 0x00007ff80adad000 	C:\Program Files\Android\Android Studio\jre\bin\msvcp140.dll
0x00007fffbef80000 - 0x00007fffbfa65000 	C:\Program Files\Android\Android Studio\jre\bin\server\jvm.dll
0x00007ff8364e0000 - 0x00007ff83658e000 	C:\WINDOWS\System32\ADVAPI32.dll
0x00007ff8360b0000 - 0x00007ff83614c000 	C:\WINDOWS\System32\sechost.dll
0x00007ff836980000 - 0x00007ff836aa5000 	C:\WINDOWS\System32\RPCRT4.dll
0x00007ff836ab0000 - 0x00007ff836ab8000 	C:\WINDOWS\System32\PSAPI.DLL
0x00007ff81f4f0000 - 0x00007ff81f517000 	C:\WINDOWS\SYSTEM32\WINMM.dll
0x00007ff82ec90000 - 0x00007ff82ec9a000 	C:\WINDOWS\SYSTEM32\VERSION.dll
0x00007ff831e20000 - 0x00007ff831e29000 	C:\WINDOWS\SYSTEM32\WSOCK32.dll
0x00007ff836670000 - 0x00007ff8366db000 	C:\WINDOWS\System32\ws2_32.DLL
0x00007ff833190000 - 0x00007ff8331a2000 	C:\WINDOWS\SYSTEM32\kernel.appcore.dll
0x00007ff81dad0000 - 0x00007ff81dae1000 	C:\Program Files\Android\Android Studio\jre\bin\verify.dll
0x00007ff832700000 - 0x00007ff8328e4000 	C:\WINDOWS\SYSTEM32\DBGHELP.DLL
0x00007ff81e340000 - 0x00007ff81e375000 	C:\WINDOWS\SYSTEM32\dbgcore.DLL
0x00007ff834be0000 - 0x00007ff834c62000 	C:\WINDOWS\System32\bcryptPrimitives.dll
0x00007ff80eac0000 - 0x00007ff80eae9000 	C:\Program Files\Android\Android Studio\jre\bin\java.dll
0x00007ff82e520000 - 0x00007ff82e52b000 	C:\Program Files\Android\Android Studio\jre\bin\jimage.dll
0x00007ff810fb0000 - 0x00007ff810fc8000 	C:\Program Files\Android\Android Studio\jre\bin\zip.dll
0x00007ff836ac0000 - 0x00007ff837205000 	C:\WINDOWS\System32\SHELL32.dll
0x00007ff8328f0000 - 0x00007ff833082000 	C:\WINDOWS\SYSTEM32\windows.storage.dll
0x00007ff835290000 - 0x00007ff8355e5000 	C:\WINDOWS\System32\combase.dll
0x00007ff8343a0000 - 0x00007ff8343d0000 	C:\WINDOWS\SYSTEM32\Wldp.dll
0x00007ff8357d0000 - 0x00007ff83587d000 	C:\WINDOWS\System32\SHCORE.dll
0x00007ff836590000 - 0x00007ff8365e5000 	C:\WINDOWS\System32\shlwapi.dll
0x00007ff834880000 - 0x00007ff83489f000 	C:\WINDOWS\SYSTEM32\profapi.dll
0x00007ff80eaa0000 - 0x00007ff80eaba000 	C:\Program Files\Android\Android Studio\jre\bin\net.dll
0x00007ff82bf80000 - 0x00007ff82c08c000 	C:\WINDOWS\SYSTEM32\WINHTTP.dll
0x00007ff834100000 - 0x00007ff83416a000 	C:\WINDOWS\system32\mswsock.dll
0x00007ff80ea40000 - 0x00007ff80ea54000 	C:\Program Files\Android\Android Studio\jre\bin\nio.dll
0x00007ff81b350000 - 0x00007ff81b377000 	C:\Users\user\.gradle\native\e1d6ef7f7dcc3fd88c89a11ec53ec762bb8ba0a96d01ffa2cd45eb1d1d8dd5c5\windows-amd64\native-platform.dll
0x00007ffffedb0000 - 0x00007ffffeef4000 	C:\Users\user\.gradle\native\5664cfc778a61ccfe75a443a1ab52a65af34e5dc3c78e0209fed803814484fcb\windows-amd64\native-platform-file-events.dll
0x00007ff819c80000 - 0x00007ff819c8a000 	C:\Program Files\Android\Android Studio\jre\bin\management.dll
0x00007ff819af0000 - 0x00007ff819afd000 	C:\Program Files\Android\Android Studio\jre\bin\management_ext.dll
0x00007ff8342f0000 - 0x00007ff834308000 	C:\WINDOWS\SYSTEM32\CRYPTSP.dll
0x00007ff8339b0000 - 0x00007ff8339e4000 	C:\WINDOWS\system32\rsaenh.dll
0x00007ff834c70000 - 0x00007ff834c97000 	C:\WINDOWS\System32\bcrypt.dll
0x00007ff834800000 - 0x00007ff83482e000 	C:\WINDOWS\SYSTEM32\USERENV.dll
0x00007ff834310000 - 0x00007ff83431c000 	C:\WINDOWS\SYSTEM32\CRYPTBASE.dll
0x00007ff833da0000 - 0x00007ff833ddb000 	C:\WINDOWS\SYSTEM32\IPHLPAPI.DLL
0x00007ff836420000 - 0x00007ff836428000 	C:\WINDOWS\System32\NSI.dll
0x00007ff82d940000 - 0x00007ff82d957000 	C:\WINDOWS\SYSTEM32\dhcpcsvc6.DLL
0x00007ff82d920000 - 0x00007ff82d93d000 	C:\WINDOWS\SYSTEM32\dhcpcsvc.DLL
0x00007ff833df0000 - 0x00007ff833ebb000 	C:\WINDOWS\SYSTEM32\DNSAPI.dll
0x00007ff833ad0000 - 0x00007ff833b03000 	C:\WINDOWS\SYSTEM32\ntmarta.dll

dbghelp: loaded successfully - version: 4.0.5 - missing functions: none
symbol engine: initialized successfully - sym options: 0x614 - pdb path: .;C:\Program Files\Android\Android Studio\jre\bin;C:\WINDOWS\SYSTEM32;C:\WINDOWS\WinSxS\amd64_microsoft.windows.common-controls_6595b64144ccf1df_6.0.19041.1110_none_60b5254171f9507e;C:\Program Files\Android\Android Studio\jre\bin\server;C:\Users\user\.gradle\native\e1d6ef7f7dcc3fd88c89a11ec53ec762bb8ba0a96d01ffa2cd45eb1d1d8dd5c5\windows-amd64;C:\Users\user\.gradle\native\5664cfc778a61ccfe75a443a1ab52a65af34e5dc3c78e0209fed803814484fcb\windows-amd64

VM Arguments:
jvm_args: --add-opens=java.base/java.util=ALL-UNNAMED --add-opens=java.base/java.lang=ALL-UNNAMED --add-opens=java.base/java.lang.invoke=ALL-UNNAMED --add-opens=java.base/java.util=ALL-UNNAMED --add-opens=java.prefs/java.util.prefs=ALL-UNNAMED --add-opens=java.prefs/java.util.prefs=ALL-UNNAMED --add-opens=java.base/java.nio.charset=ALL-UNNAMED --add-opens=java.base/java.net=ALL-UNNAMED --add-opens=java.base/java.util.concurrent.atomic=ALL-UNNAMED -Xmx2048m -Dfile.encoding=UTF-8 -Duser.country=US -Duser.language=en -Duser.variant 
java_command: org.gradle.launcher.daemon.bootstrap.GradleDaemon 7.3.3
java_class_path (initial): C:\Users\user\.gradle\wrapper\dists\gradle-7.3.3-bin\6a41zxkdtcxs8rphpq6y0069z\gradle-7.3.3\lib\gradle-launcher-7.3.3.jar
Launcher Type: SUN_STANDARD

[Global flags]
     intx CICompilerCount                          = 4                                         {product} {ergonomic}
     uint ConcGCThreads                            = 2                                         {product} {ergonomic}
     uint G1ConcRefinementThreads                  = 8                                         {product} {ergonomic}
   size_t G1HeapRegionSize                         = 1048576                                   {product} {ergonomic}
    uintx GCDrainStackTargetSize                   = 64                                        {product} {ergonomic}
   size_t InitialHeapSize                          = 132120576                                 {product} {ergonomic}
   size_t MarkStackSize                            = 4194304                                   {product} {ergonomic}
   size_t MaxHeapSize                              = 2147483648                                {product} {command line}
   size_t MaxNewSize                               = 1287651328                                {product} {ergonomic}
   size_t MinHeapDeltaBytes                        = 1048576                                   {product} {ergonomic}
    uintx NonNMethodCodeHeapSize                   = 5836300                                {pd product} {ergonomic}
    uintx NonProfiledCodeHeapSize                  = 122910970                              {pd product} {ergonomic}
    uintx ProfiledCodeHeapSize                     = 122910970                              {pd product} {ergonomic}
    uintx ReservedCodeCacheSize                    = 251658240                              {pd product} {ergonomic}
     bool SegmentedCodeCache                       = true                                      {product} {ergonomic}
     bool UseCompressedClassPointers               = true                                 {lp64_product} {ergonomic}
     bool UseCompressedOops                        = true                                 {lp64_product} {ergonomic}
     bool UseG1GC                                  = true                                      {product} {ergonomic}
     bool UseLargePagesIndividualAllocation        = false                                  {pd product} {ergonomic}

Logging:
Log output configuration:
 #0: stdout all=warning uptime,level,tags
 #1: stderr all=off uptime,level,tags

Environment Variables:
PATH=C:\Program Files\Common Files\Oracle\Java\javapath;C:\Program Files (x86)\Common Files\Intel\Shared Libraries\redist\intel64\compiler;C:\WINDOWS\system32;C:\WINDOWS;C:\WINDOWS\System32\Wbem;C:\WINDOWS\System32\WindowsPowerShell\v1.0\;C:\WINDOWS\System32\OpenSSH\;C:\Program Files\nodejs\;C:\Program Files\Git\cmd;C:\Program Files\dotnet\;C:\Program Files\Go\bin;C:\Program Files (x86)\dotnet\;C:\Program Files (x86)\Rational\common;C:\Program Files\Microsoft SQL Server\150\Tools\Binn\;C:\Program Files\Microsoft SQL Server\Client SDK\ODBC\170\Tools\Binn\;C:\Program Files\MySQL\MySQL Shell 8.0\bin\;C:\Users\user\AppData\Local\Microsoft\WindowsApps;C:\Users\user\AppData\Roaming\npm;C:\Users\user\.dotnet\tools;C:\Users\user\AppData\Local\Programs\Microsoft VS Code\bin;C:\Users\user\go\bin;C:\Program Files\JetBrains\IntelliJ IDEA 2022.3.2\bin;
USERNAME=user
OS=Windows_NT
PROCESSOR_IDENTIFIER=Intel64 Family 6 Model 165 Stepping 2, GenuineIntel



---------------  S Y S T E M  ---------------

OS: Windows 10 , 64 bit Build 19041 (10.0.19041.2546)
OS uptime: 3 days 22:56 hours

CPU:total 8 (initial active 8) (4 cores per cpu, 2 threads per core) family 6 model 165 stepping 2 microcode 0xe2, cmov, cx8, fxsr, mmx, sse, sse2, sse3, ssse3, sse4.1, sse4.2, popcnt, avx, avx2, aes, clmul, erms, 3dnowpref, lzcnt, ht, tsc, tscinvbit, bmi1, bmi2, adx, fma

Memory: 4k page, system-wide physical 8059M (98M free)
TotalPageFile size 32635M (AvailPageFile size 37M)
current process WorkingSet (physical memory assigned to process): 402M, peak: 430M
current process commit charge ("private bytes"): 558M, peak: 561M

vm_info: OpenJDK 64-Bit Server VM (11.0.12+7-b1504.28-7817840) for windows-amd64 JRE (11.0.12+7-b1504.28-7817840), built on Oct 13 2021 22:12:33 by "builder" with MS VC++ 14.0 (VS2015)

END.
